<?xml version="1.0" encoding="UTF-8"?>
<testsuite xmlns:xsi="http://www.w3.org/2001/XMLSchema-instance" xsi:noNamespaceSchemaLocation="https://maven.apache.org/surefire/maven-surefire-plugin/xsd/surefire-test-report-3.0.xsd" version="3.0" name="it.polimi.vovarini.model.godcards.PrometheusTests" time="20.602" tests="3745" errors="0" skipped="0" failures="0">
  <properties>
[...]
</properties>
  <testcase name="prometheusCreation" classname="it.polimi.vovarini.model.godcards.PrometheusTests" time="0.001"/>
  <testcase name="testMovementConstraint(Point,Point, int, int,Boolean)" classname="it.polimi.vovarini.model.godcards.PrometheusTests" time="0.006"/>
  <testcase name="testMovementConstraint(Point,Point, int, int,Boolean)" classname="it.polimi.vovarini.model.godcards.PrometheusTests" time="0.001"/>
  <testcase name="testMovementConstraint(Point,Point, int, int,Boolean)" classname="it.polimi.vovarini.model.godcards.PrometheusTests" time="0.002"/>
  <testcase name="testMovementConstraint(Point,Point, int, int,Boolean)" classname="it.polimi.vovarini.model.godcards.PrometheusTests" time="0.002"/>
  <testcase name="testMovementConstraint(Point,Point, int, int,Boolean)" classname="it.polimi.vovarini.model.godcards.PrometheusTests" time="0.002"/>
  <testcase name="testMovementConstraint(Point,Point, int, int,Boolean)" classname="it.polimi.vovarini.model.godcards.PrometheusTests" time="0.002"/>
  <testcase name="testMovementConstraint(Point,Point, int, int,Boolean)" classname="it.polimi.vovarini.model.godcards.PrometheusTests" time="0.004"/>
  <testcase name="testMovementConstraint(Point,Point, int, int,Boolean)" classname="it.polimi.vovarini.model.godcards.PrometheusTests" time="0.004"/>
  <testcase name="testMovementConstraint(Point,Point, int, int,Boolean)" classname="it.polimi.vovarini.model.godcards.PrometheusTests" time="0.004"/>
  <testcase name="testMovementConstraint(Point,Point, int, int,Boolean)" classname="it.polimi.vovarini.model.godcards.PrometheusTests" time="0.001"/>
  <testcase name="testMovementConstraint(Point,Point, int, int,Boolean)" classname="it.polimi.vovarini.model.godcards.PrometheusTests" time="0.004"/>
  <testcase name="testMovementConstraint(Point,Point, int, int,Boolean)" classname="it.polimi.vovarini.model.godcards.PrometheusTests" time="0.001"/>
  <testcase name="testMovementConstraint(Point,Point, int, int,Boolean)" classname="it.polimi.vovarini.model.godcards.PrometheusTests" time="0.002"/>
  <testcase name="testMovementConstraint(Point,Point, int, int,Boolean)" classname="it.polimi.vovarini.model.godcards.PrometheusTests" time="0.002"/>
  <testcase name="testMovementConstraint(Point,Point, int, int,Boolean)" classname="it.polimi.vovarini.model.godcards.PrometheusTests" time="0.003"/>
  <testcase name="testMovementConstraint(Point,Point, int, int,Boolean)" classname="it.polimi.vovarini.model.godcards.PrometheusTests" time="0.003"/>
  <testcase name="testMovementConstraint(Point,Point, int, int,Boolean)" classname="it.polimi.vovarini.model.godcards.PrometheusTests" time="0.004"/>
  <testcase name="testMovementConstraint(Point,Point, int, int,Boolean)" classname="it.polimi.vovarini.model.godcards.PrometheusTests" time="0.005"/>
  <testcase name="testMovementConstraint(Point,Point, int, int,Boolean)" classname="it.polimi.vovarini.model.godcards.PrometheusTests" time="0.003"/>
  <testcase name="testMovementConstraint(Point,Point, int, int,Boolean)" classname="it.polimi.vovarini.model.godcards.PrometheusTests" time="0.001"/>
  <testcase name="testMovementConstraint(Point,Point, int, int,Boolean)" classname="it.polimi.vovarini.model.godcards.PrometheusTests" time="0.002"/>
  <testcase name="testMovementConstraint(Point,Point, int, int,Boolean)" classname="it.polimi.vovarini.model.godcards.PrometheusTests" time="0.002"/>
  <testcase name="testMovementConstraint(Point,Point, int, int,Boolean)" classname="it.polimi.vovarini.model.godcards.PrometheusTests" time="0.002"/>
  <testcase name="testMovementConstraint(Point,Point, int, int,Boolean)" classname="it.polimi.vovarini.model.godcards.PrometheusTests" time="0.002"/>
  <testcase name="testMovementConstraint(Point,Point, int, int,Boolean)" classname="it.polimi.vovarini.model.godcards.PrometheusTests" time="0.003"/>
  <testcase name="testMovementConstraint(Point,Point, int, int,Boolean)" classname="it.polimi.vovarini.model.godcards.PrometheusTests" time="0.002"/>
  <testcase name="testMovementConstraint(Point,Point, int, int,Boolean)" classname="it.polimi.vovarini.model.godcards.PrometheusTests" time="0.002"/>
  <testcase name="testMovementConstraint(Point,Point, int, int,Boolean)" classname="it.polimi.vovarini.model.godcards.PrometheusTests" time="0.001"/>
  <testcase name="testMovementConstraint(Point,Point, int, int,Boolean)" classname="it.polimi.vovarini.model.godcards.PrometheusTests" time="0.002"/>
  <testcase name="testMovementConstraint(Point,Point, int, int,Boolean)" classname="it.polimi.vovarini.model.godcards.PrometheusTests" time="0.001"/>
  <testcase name="testMovementConstraint(Point,Point, int, int,Boolean)" classname="it.polimi.vovarini.model.godcards.PrometheusTests" time="0.002"/>
  <testcase name="testMovementConstraint(Point,Point, int, int,Boolean)" classname="it.polimi.vovarini.model.godcards.PrometheusTests" time="0.001"/>
  <testcase name="testMovementConstraint(Point,Point, int, int,Boolean)" classname="it.polimi.vovarini.model.godcards.PrometheusTests" time="0.001"/>
  <testcase name="testMovementConstraint(Point,Point, int, int,Boolean)" classname="it.polimi.vovarini.model.godcards.PrometheusTests" time="0.001"/>
  <testcase name="testMovementConstraint(Point,Point, int, int,Boolean)" classname="it.polimi.vovarini.model.godcards.PrometheusTests" time="0.002"/>
  <testcase name="testMovementConstraint(Point,Point, int, int,Boolean)" classname="it.polimi.vovarini.model.godcards.PrometheusTests" time="0.002"/>
  <testcase name="testMovementConstraint(Point,Point, int, int,Boolean)" classname="it.polimi.vovarini.model.godcards.PrometheusTests" time="0.002"/>
  <testcase name="testMovementConstraint(Point,Point, int, int,Boolean)" classname="it.polimi.vovarini.model.godcards.PrometheusTests" time="0.002"/>
  <testcase name="testMovementConstraint(Point,Point, int, int,Boolean)" classname="it.polimi.vovarini.model.godcards.PrometheusTests" time="0.002"/>
  <testcase name="testMovementConstraint(Point,Point, int, int,Boolean)" classname="it.polimi.vovarini.model.godcards.PrometheusTests" time="0.002"/>
  <testcase name="testMovementConstraint(Point,Point, int, int,Boolean)" classname="it.polimi.vovarini.model.godcards.PrometheusTests" time="0.002"/>
  <testcase name="testMovementConstraint(Point,Point, int, int,Boolean)" classname="it.polimi.vovarini.model.godcards.PrometheusTests" time="0.002"/>
  <testcase name="testMovementConstraint(Point,Point, int, int,Boolean)" classname="it.polimi.vovarini.model.godcards.PrometheusTests" time="0.002"/>
  <testcase name="testMovementConstraint(Point,Point, int, int,Boolean)" classname="it.polimi.vovarini.model.godcards.PrometheusTests" time="0.003"/>
  <testcase name="testMovementConstraint(Point,Point, int, int,Boolean)" classname="it.polimi.vovarini.model.godcards.PrometheusTests" time="0.002"/>
  <testcase name="testMovementConstraint(Point,Point, int, int,Boolean)" classname="it.polimi.vovarini.model.godcards.PrometheusTests" time="0.001"/>
  <testcase name="testMovementConstraint(Point,Point, int, int,Boolean)" classname="it.polimi.vovarini.model.godcards.PrometheusTests" time="0.002"/>
  <testcase name="testMovementConstraint(Point,Point, int, int,Boolean)" classname="it.polimi.vovarini.model.godcards.PrometheusTests" time="0.002"/>
  <testcase name="testMovementConstraint(Point,Point, int, int,Boolean)" classname="it.polimi.vovarini.model.godcards.PrometheusTests" time="0.003"/>
  <testcase name="testMovementConstraint(Point,Point, int, int,Boolean)" classname="it.polimi.vovarini.model.godcards.PrometheusTests" time="0.002"/>
  <testcase name="testMovementConstraint(Point,Point, int, int,Boolean)" classname="it.polimi.vovarini.model.godcards.PrometheusTests" time="0.003"/>
  <testcase name="testMovementConstraint(Point,Point, int, int,Boolean)" classname="it.polimi.vovarini.model.godcards.PrometheusTests" time="0.003"/>
  <testcase name="testMovementConstraint(Point,Point, int, int,Boolean)" classname="it.polimi.vovarini.model.godcards.PrometheusTests" time="0.001"/>
  <testcase name="testMovementConstraint(Point,Point, int, int,Boolean)" classname="it.polimi.vovarini.model.godcards.PrometheusTests" time="0.001"/>
  <testcase name="testMovementConstraint(Point,Point, int, int,Boolean)" classname="it.polimi.vovarini.model.godcards.PrometheusTests" time="0.002"/>
  <testcase name="testMovementConstraint(Point,Point, int, int,Boolean)" classname="it.polimi.vovarini.model.godcards.PrometheusTests" time="0.001"/>
  <testcase name="testMovementConstraint(Point,Point, int, int,Boolean)" classname="it.polimi.vovarini.model.godcards.PrometheusTests" time="0.002"/>
  <testcase name="testMovementConstraint(Point,Point, int, int,Boolean)" classname="it.polimi.vovarini.model.godcards.PrometheusTests" time="0.001"/>
  <testcase name="testMovementConstraint(Point,Point, int, int,Boolean)" classname="it.polimi.vovarini.model.godcards.PrometheusTests" time="0.001"/>
  <testcase name="testMovementConstraint(Point,Point, int, int,Boolean)" classname="it.polimi.vovarini.model.godcards.PrometheusTests" time="0.002"/>
  <testcase name="testMovementConstraint(Point,Point, int, int,Boolean)" classname="it.polimi.vovarini.model.godcards.PrometheusTests" time="0.002"/>
  <testcase name="testMovementConstraint(Point,Point, int, int,Boolean)" classname="it.polimi.vovarini.model.godcards.PrometheusTests" time="0.002"/>
  <testcase name="testMovementConstraint(Point,Point, int, int,Boolean)" classname="it.polimi.vovarini.model.godcards.PrometheusTests" time="0.002"/>
  <testcase name="testMovementConstraint(Point,Point, int, int,Boolean)" classname="it.polimi.vovarini.model.godcards.PrometheusTests" time="0.001"/>
  <testcase name="testMovementConstraint(Point,Point, int, int,Boolean)" classname="it.polimi.vovarini.model.godcards.PrometheusTests" time="0.002"/>
  <testcase name="testMovementConstraint(Point,Point, int, int,Boolean)" classname="it.polimi.vovarini.model.godcards.PrometheusTests" time="0.002"/>
  <testcase name="testMovementConstraint(Point,Point, int, int,Boolean)" classname="it.polimi.vovarini.model.godcards.PrometheusTests" time="0.002"/>
  <testcase name="testMovementConstraint(Point,Point, int, int,Boolean)" classname="it.polimi.vovarini.model.godcards.PrometheusTests" time="0.002"/>
  <testcase name="testMovementConstraint(Point,Point, int, int,Boolean)" classname="it.polimi.vovarini.model.godcards.PrometheusTests" time="0.004"/>
  <testcase name="testMovementConstraint(Point,Point, int, int,Boolean)" classname="it.polimi.vovarini.model.godcards.PrometheusTests" time="0.002"/>
  <testcase name="testMovementConstraint(Point,Point, int, int,Boolean)" classname="it.polimi.vovarini.model.godcards.PrometheusTests" time="0.002"/>
  <testcase name="testMovementConstraint(Point,Point, int, int,Boolean)" classname="it.polimi.vovarini.model.godcards.PrometheusTests" time="0.002"/>
  <testcase name="testMovementConstraint(Point,Point, int, int,Boolean)" classname="it.polimi.vovarini.model.godcards.PrometheusTests" time="0.002"/>
  <testcase name="testMovementConstraint(Point,Point, int, int,Boolean)" classname="it.polimi.vovarini.model.godcards.PrometheusTests" time="0.002"/>
  <testcase name="testMovementConstraint(Point,Point, int, int,Boolean)" classname="it.polimi.vovarini.model.godcards.PrometheusTests" time="0.003"/>
  <testcase name="testMovementConstraint(Point,Point, int, int,Boolean)" classname="it.polimi.vovarini.model.godcards.PrometheusTests" time="0.002"/>
  <testcase name="testMovementConstraint(Point,Point, int, int,Boolean)" classname="it.polimi.vovarini.model.godcards.PrometheusTests" time="0.003"/>
  <testcase name="testMovementConstraint(Point,Point, int, int,Boolean)" classname="it.polimi.vovarini.model.godcards.PrometheusTests" time="0.002"/>
  <testcase name="testMovementConstraint(Point,Point, int, int,Boolean)" classname="it.polimi.vovarini.model.godcards.PrometheusTests" time="0.002"/>
  <testcase name="testMovementConstraint(Point,Point, int, int,Boolean)" classname="it.polimi.vovarini.model.godcards.PrometheusTests" time="0.001"/>
  <testcase name="testMovementConstraint(Point,Point, int, int,Boolean)" classname="it.polimi.vovarini.model.godcards.PrometheusTests" time="0.001"/>
  <testcase name="testMovementConstraint(Point,Point, int, int,Boolean)" classname="it.polimi.vovarini.model.godcards.PrometheusTests" time="0.002"/>
  <testcase name="testMovementConstraint(Point,Point, int, int,Boolean)" classname="it.polimi.vovarini.model.godcards.PrometheusTests" time="0.005"/>
  <testcase name="testMovementConstraint(Point,Point, int, int,Boolean)" classname="it.polimi.vovarini.model.godcards.PrometheusTests" time="0.002"/>
  <testcase name="testMovementConstraint(Point,Point, int, int,Boolean)" classname="it.polimi.vovarini.model.godcards.PrometheusTests" time="0.002"/>
  <testcase name="testMovementConstraint(Point,Point, int, int,Boolean)" classname="it.polimi.vovarini.model.godcards.PrometheusTests" time="0.001"/>
  <testcase name="testMovementConstraint(Point,Point, int, int,Boolean)" classname="it.polimi.vovarini.model.godcards.PrometheusTests" time="0.002"/>
  <testcase name="testMovementConstraint(Point,Point, int, int,Boolean)" classname="it.polimi.vovarini.model.godcards.PrometheusTests" time="0.001"/>
  <testcase name="testMovementConstraint(Point,Point, int, int,Boolean)" classname="it.polimi.vovarini.model.godcards.PrometheusTests" time="0.001"/>
  <testcase name="testMovementConstraint(Point,Point, int, int,Boolean)" classname="it.polimi.vovarini.model.godcards.PrometheusTests" time="0.001"/>
  <testcase name="testMovementConstraint(Point,Point, int, int,Boolean)" classname="it.polimi.vovarini.model.godcards.PrometheusTests" time="0.002"/>
  <testcase name="testMovementConstraint(Point,Point, int, int,Boolean)" classname="it.polimi.vovarini.model.godcards.PrometheusTests" time="0.002"/>
  <testcase name="testMovementConstraint(Point,Point, int, int,Boolean)" classname="it.polimi.vovarini.model.godcards.PrometheusTests" time="0.002"/>
  <testcase name="testMovementConstraint(Point,Point, int, int,Boolean)" classname="it.polimi.vovarini.model.godcards.PrometheusTests" time="0.002"/>
  <testcase name="testMovementConstraint(Point,Point, int, int,Boolean)" classname="it.polimi.vovarini.model.godcards.PrometheusTests" time="0.003"/>
  <testcase name="testMovementConstraint(Point,Point, int, int,Boolean)" classname="it.polimi.vovarini.model.godcards.PrometheusTests" time="0.002"/>
  <testcase name="testMovementConstraint(Point,Point, int, int,Boolean)" classname="it.polimi.vovarini.model.godcards.PrometheusTests" time="0.003"/>
  <testcase name="testMovementConstraint(Point,Point, int, int,Boolean)" classname="it.polimi.vovarini.model.godcards.PrometheusTests" time="0.002"/>
  <testcase name="testMovementConstraint(Point,Point, int, int,Boolean)" classname="it.polimi.vovarini.model.godcards.PrometheusTests" time="0.002"/>
  <testcase name="testMovementConstraint(Point,Point, int, int,Boolean)" classname="it.polimi.vovarini.model.godcards.PrometheusTests" time="0.002"/>
  <testcase name="testMovementConstraint(Point,Point, int, int,Boolean)" classname="it.polimi.vovarini.model.godcards.PrometheusTests" time="0.002"/>
  <testcase name="testMovementConstraint(Point,Point, int, int,Boolean)" classname="it.polimi.vovarini.model.godcards.PrometheusTests" time="0.002"/>
  <testcase name="testMovementConstraint(Point,Point, int, int,Boolean)" classname="it.polimi.vovarini.model.godcards.PrometheusTests" time="0.002"/>
  <testcase name="testMovementConstraint(Point,Point, int, int,Boolean)" classname="it.polimi.vovarini.model.godcards.PrometheusTests" time="0.002"/>
  <testcase name="testMovementConstraint(Point,Point, int, int,Boolean)" classname="it.polimi.vovarini.model.godcards.PrometheusTests" time="0.001"/>
  <testcase name="testMovementConstraint(Point,Point, int, int,Boolean)" classname="it.polimi.vovarini.model.godcards.PrometheusTests" time="0.001"/>
  <testcase name="testMovementConstraint(Point,Point, int, int,Boolean)" classname="it.polimi.vovarini.model.godcards.PrometheusTests" time="0.001"/>
  <testcase name="testMovementConstraint(Point,Point, int, int,Boolean)" classname="it.polimi.vovarini.model.godcards.PrometheusTests" time="0.001"/>
  <testcase name="testMovementConstraint(Point,Point, int, int,Boolean)" classname="it.polimi.vovarini.model.godcards.PrometheusTests" time="0.002"/>
  <testcase name="testMovementConstraint(Point,Point, int, int,Boolean)" classname="it.polimi.vovarini.model.godcards.PrometheusTests" time="0.001"/>
  <testcase name="testMovementConstraint(Point,Point, int, int,Boolean)" classname="it.polimi.vovarini.model.godcards.PrometheusTests" time="0.002"/>
  <testcase name="testMovementConstraint(Point,Point, int, int,Boolean)" classname="it.polimi.vovarini.model.godcards.PrometheusTests" time="0.002"/>
  <testcase name="testMovementConstraint(Point,Point, int, int,Boolean)" classname="it.polimi.vovarini.model.godcards.PrometheusTests" time="0.002"/>
  <testcase name="testMovementConstraint(Point,Point, int, int,Boolean)" classname="it.polimi.vovarini.model.godcards.PrometheusTests" time="0.002"/>
  <testcase name="testMovementConstraint(Point,Point, int, int,Boolean)" classname="it.polimi.vovarini.model.godcards.PrometheusTests" time="0.002"/>
  <testcase name="testMovementConstraint(Point,Point, int, int,Boolean)" classname="it.polimi.vovarini.model.godcards.PrometheusTests" time="0.002"/>
  <testcase name="testMovementConstraint(Point,Point, int, int,Boolean)" classname="it.polimi.vovarini.model.godcards.PrometheusTests" time="0.002"/>
  <testcase name="testMovementConstraint(Point,Point, int, int,Boolean)" classname="it.polimi.vovarini.model.godcards.PrometheusTests" time="0.002"/>
  <testcase name="testMovementConstraint(Point,Point, int, int,Boolean)" classname="it.polimi.vovarini.model.godcards.PrometheusTests" time="0.002"/>
  <testcase name="testMovementConstraint(Point,Point, int, int,Boolean)" classname="it.polimi.vovarini.model.godcards.PrometheusTests" time="0.002"/>
  <testcase name="testMovementConstraint(Point,Point, int, int,Boolean)" classname="it.polimi.vovarini.model.godcards.PrometheusTests" time="0.002"/>
  <testcase name="testMovementConstraint(Point,Point, int, int,Boolean)" classname="it.polimi.vovarini.model.godcards.PrometheusTests" time="0.002"/>
  <testcase name="testMovementConstraint(Point,Point, int, int,Boolean)" classname="it.polimi.vovarini.model.godcards.PrometheusTests" time="0.002"/>
  <testcase name="testMovementConstraint(Point,Point, int, int,Boolean)" classname="it.polimi.vovarini.model.godcards.PrometheusTests" time="0.001"/>
  <testcase name="testMovementConstraint(Point,Point, int, int,Boolean)" classname="it.polimi.vovarini.model.godcards.PrometheusTests" time="0.003"/>
  <testcase name="testMovementConstraint(Point,Point, int, int,Boolean)" classname="it.polimi.vovarini.model.godcards.PrometheusTests" time="0.002"/>
  <testcase name="testMovementConstraint(Point,Point, int, int,Boolean)" classname="it.polimi.vovarini.model.godcards.PrometheusTests" time="0.003"/>
  <testcase name="testMovementConstraint(Point,Point, int, int,Boolean)" classname="it.polimi.vovarini.model.godcards.PrometheusTests" time="0.002"/>
  <testcase name="testMovementConstraint(Point,Point, int, int,Boolean)" classname="it.polimi.vovarini.model.godcards.PrometheusTests" time="0.003"/>
  <testcase name="testMovementConstraint(Point,Point, int, int,Boolean)" classname="it.polimi.vovarini.model.godcards.PrometheusTests" time="0.003"/>
  <testcase name="testMovementConstraint(Point,Point, int, int,Boolean)" classname="it.polimi.vovarini.model.godcards.PrometheusTests" time="0.002"/>
  <testcase name="testMovementConstraint(Point,Point, int, int,Boolean)" classname="it.polimi.vovarini.model.godcards.PrometheusTests" time="0.001"/>
  <testcase name="testMovementConstraint(Point,Point, int, int,Boolean)" classname="it.polimi.vovarini.model.godcards.PrometheusTests" time="0.002"/>
  <testcase name="testMovementConstraint(Point,Point, int, int,Boolean)" classname="it.polimi.vovarini.model.godcards.PrometheusTests" time="0.001"/>
  <testcase name="testMovementConstraint(Point,Point, int, int,Boolean)" classname="it.polimi.vovarini.model.godcards.PrometheusTests" time="0.002"/>
  <testcase name="testMovementConstraint(Point,Point, int, int,Boolean)" classname="it.polimi.vovarini.model.godcards.PrometheusTests" time="0.002"/>
  <testcase name="testMovementConstraint(Point,Point, int, int,Boolean)" classname="it.polimi.vovarini.model.godcards.PrometheusTests" time="0.002"/>
  <testcase name="testMovementConstraint(Point,Point, int, int,Boolean)" classname="it.polimi.vovarini.model.godcards.PrometheusTests" time="0.002"/>
  <testcase name="testMovementConstraint(Point,Point, int, int,Boolean)" classname="it.polimi.vovarini.model.godcards.PrometheusTests" time="0.002"/>
  <testcase name="testMovementConstraint(Point,Point, int, int,Boolean)" classname="it.polimi.vovarini.model.godcards.PrometheusTests" time="0.002"/>
  <testcase name="testMovementConstraint(Point,Point, int, int,Boolean)" classname="it.polimi.vovarini.model.godcards.PrometheusTests" time="0.002"/>
  <testcase name="testMovementConstraint(Point,Point, int, int,Boolean)" classname="it.polimi.vovarini.model.godcards.PrometheusTests" time="0.002"/>
  <testcase name="testMovementConstraint(Point,Point, int, int,Boolean)" classname="it.polimi.vovarini.model.godcards.PrometheusTests" time="0.002"/>
  <testcase name="testMovementConstraint(Point,Point, int, int,Boolean)" classname="it.polimi.vovarini.model.godcards.PrometheusTests" time="0.002"/>
  <testcase name="testMovementConstraint(Point,Point, int, int,Boolean)" classname="it.polimi.vovarini.model.godcards.PrometheusTests" time="0.002"/>
  <testcase name="testMovementConstraint(Point,Point, int, int,Boolean)" classname="it.polimi.vovarini.model.godcards.PrometheusTests" time="0.002"/>
  <testcase name="testMovementConstraint(Point,Point, int, int,Boolean)" classname="it.polimi.vovarini.model.godcards.PrometheusTests" time="0.002"/>
  <testcase name="testMovementConstraint(Point,Point, int, int,Boolean)" classname="it.polimi.vovarini.model.godcards.PrometheusTests" time="0.002"/>
  <testcase name="testMovementConstraint(Point,Point, int, int,Boolean)" classname="it.polimi.vovarini.model.godcards.PrometheusTests" time="0.002"/>
  <testcase name="testMovementConstraint(Point,Point, int, int,Boolean)" classname="it.polimi.vovarini.model.godcards.PrometheusTests" time="0.002"/>
  <testcase name="testMovementConstraint(Point,Point, int, int,Boolean)" classname="it.polimi.vovarini.model.godcards.PrometheusTests" time="0.002"/>
  <testcase name="testMovementConstraint(Point,Point, int, int,Boolean)" classname="it.polimi.vovarini.model.godcards.PrometheusTests" time="0.002"/>
  <testcase name="testMovementConstraint(Point,Point, int, int,Boolean)" classname="it.polimi.vovarini.model.godcards.PrometheusTests" time="0.002"/>
  <testcase name="testMovementConstraint(Point,Point, int, int,Boolean)" classname="it.polimi.vovarini.model.godcards.PrometheusTests" time="0.003"/>
  <testcase name="testMovementConstraint(Point,Point, int, int,Boolean)" classname="it.polimi.vovarini.model.godcards.PrometheusTests" time="0.003"/>
  <testcase name="testMovementConstraint(Point,Point, int, int,Boolean)" classname="it.polimi.vovarini.model.godcards.PrometheusTests" time="0.002"/>
  <testcase name="testMovementConstraint(Point,Point, int, int,Boolean)" classname="it.polimi.vovarini.model.godcards.PrometheusTests" time="0.002"/>
  <testcase name="testMovementConstraint(Point,Point, int, int,Boolean)" classname="it.polimi.vovarini.model.godcards.PrometheusTests" time="0.001"/>
  <testcase name="testMovementConstraint(Point,Point, int, int,Boolean)" classname="it.polimi.vovarini.model.godcards.PrometheusTests" time="0.002"/>
  <testcase name="testMovementConstraint(Point,Point, int, int,Boolean)" classname="it.polimi.vovarini.model.godcards.PrometheusTests" time="0.001"/>
  <testcase name="testMovementConstraint(Point,Point, int, int,Boolean)" classname="it.polimi.vovarini.model.godcards.PrometheusTests" time="0.002"/>
  <testcase name="testMovementConstraint(Point,Point, int, int,Boolean)" classname="it.polimi.vovarini.model.godcards.PrometheusTests" time="0.001"/>
  <testcase name="testMovementConstraint(Point,Point, int, int,Boolean)" classname="it.polimi.vovarini.model.godcards.PrometheusTests" time="0.001"/>
  <testcase name="testMovementConstraint(Point,Point, int, int,Boolean)" classname="it.polimi.vovarini.model.godcards.PrometheusTests" time="0.001"/>
  <testcase name="testMovementConstraint(Point,Point, int, int,Boolean)" classname="it.polimi.vovarini.model.godcards.PrometheusTests" time="0.002"/>
  <testcase name="testMovementConstraint(Point,Point, int, int,Boolean)" classname="it.polimi.vovarini.model.godcards.PrometheusTests" time="0.002"/>
  <testcase name="testMovementConstraint(Point,Point, int, int,Boolean)" classname="it.polimi.vovarini.model.godcards.PrometheusTests" time="0.002"/>
  <testcase name="testMovementConstraint(Point,Point, int, int,Boolean)" classname="it.polimi.vovarini.model.godcards.PrometheusTests" time="0.002"/>
  <testcase name="testMovementConstraint(Point,Point, int, int,Boolean)" classname="it.polimi.vovarini.model.godcards.PrometheusTests" time="0.002"/>
  <testcase name="testMovementConstraint(Point,Point, int, int,Boolean)" classname="it.polimi.vovarini.model.godcards.PrometheusTests" time="0.002"/>
  <testcase name="testMovementConstraint(Point,Point, int, int,Boolean)" classname="it.polimi.vovarini.model.godcards.PrometheusTests" time="0.002"/>
  <testcase name="testMovementConstraint(Point,Point, int, int,Boolean)" classname="it.polimi.vovarini.model.godcards.PrometheusTests" time="0.002"/>
  <testcase name="testMovementConstraint(Point,Point, int, int,Boolean)" classname="it.polimi.vovarini.model.godcards.PrometheusTests" time="0.002"/>
  <testcase name="testMovementConstraint(Point,Point, int, int,Boolean)" classname="it.polimi.vovarini.model.godcards.PrometheusTests" time="0.003"/>
  <testcase name="testMovementConstraint(Point,Point, int, int,Boolean)" classname="it.polimi.vovarini.model.godcards.PrometheusTests" time="0.002"/>
  <testcase name="testMovementConstraint(Point,Point, int, int,Boolean)" classname="it.polimi.vovarini.model.godcards.PrometheusTests" time="0.002"/>
  <testcase name="testMovementConstraint(Point,Point, int, int,Boolean)" classname="it.polimi.vovarini.model.godcards.PrometheusTests" time="0.003"/>
  <testcase name="testMovementConstraint(Point,Point, int, int,Boolean)" classname="it.polimi.vovarini.model.godcards.PrometheusTests" time="0.002"/>
  <testcase name="testMovementConstraint(Point,Point, int, int,Boolean)" classname="it.polimi.vovarini.model.godcards.PrometheusTests" time="0.003"/>
  <testcase name="testMovementConstraint(Point,Point, int, int,Boolean)" classname="it.polimi.vovarini.model.godcards.PrometheusTests" time="0.002"/>
  <testcase name="testMovementConstraint(Point,Point, int, int,Boolean)" classname="it.polimi.vovarini.model.godcards.PrometheusTests" time="0.003"/>
  <testcase name="testMovementConstraint(Point,Point, int, int,Boolean)" classname="it.polimi.vovarini.model.godcards.PrometheusTests" time="0.002"/>
  <testcase name="testMovementConstraint(Point,Point, int, int,Boolean)" classname="it.polimi.vovarini.model.godcards.PrometheusTests" time="0.001"/>
  <testcase name="testMovementConstraint(Point,Point, int, int,Boolean)" classname="it.polimi.vovarini.model.godcards.PrometheusTests" time="0.001"/>
  <testcase name="testMovementConstraint(Point,Point, int, int,Boolean)" classname="it.polimi.vovarini.model.godcards.PrometheusTests" time="0.002"/>
  <testcase name="testMovementConstraint(Point,Point, int, int,Boolean)" classname="it.polimi.vovarini.model.godcards.PrometheusTests" time="0.001"/>
  <testcase name="testMovementConstraint(Point,Point, int, int,Boolean)" classname="it.polimi.vovarini.model.godcards.PrometheusTests" time="0.002"/>
  <testcase name="testMovementConstraint(Point,Point, int, int,Boolean)" classname="it.polimi.vovarini.model.godcards.PrometheusTests" time="0.001"/>
  <testcase name="testMovementConstraint(Point,Point, int, int,Boolean)" classname="it.polimi.vovarini.model.godcards.PrometheusTests" time="0.002"/>
  <testcase name="testMovementConstraint(Point,Point, int, int,Boolean)" classname="it.polimi.vovarini.model.godcards.PrometheusTests" time="0.001"/>
  <testcase name="testMovementConstraint(Point,Point, int, int,Boolean)" classname="it.polimi.vovarini.model.godcards.PrometheusTests" time="0.003"/>
  <testcase name="testMovementConstraint(Point,Point, int, int,Boolean)" classname="it.polimi.vovarini.model.godcards.PrometheusTests" time="0.001"/>
  <testcase name="testMovementConstraint(Point,Point, int, int,Boolean)" classname="it.polimi.vovarini.model.godcards.PrometheusTests" time="0.002"/>
  <testcase name="testMovementConstraint(Point,Point, int, int,Boolean)" classname="it.polimi.vovarini.model.godcards.PrometheusTests" time="0.001"/>
  <testcase name="testMovementConstraint(Point,Point, int, int,Boolean)" classname="it.polimi.vovarini.model.godcards.PrometheusTests" time="0.003"/>
  <testcase name="testMovementConstraint(Point,Point, int, int,Boolean)" classname="it.polimi.vovarini.model.godcards.PrometheusTests" time="0.001"/>
  <testcase name="testMovementConstraint(Point,Point, int, int,Boolean)" classname="it.polimi.vovarini.model.godcards.PrometheusTests" time="0.003"/>
  <testcase name="testMovementConstraint(Point,Point, int, int,Boolean)" classname="it.polimi.vovarini.model.godcards.PrometheusTests" time="0.002"/>
  <testcase name="testMovementConstraint(Point,Point, int, int,Boolean)" classname="it.polimi.vovarini.model.godcards.PrometheusTests" time="0.003"/>
  <testcase name="testMovementConstraint(Point,Point, int, int,Boolean)" classname="it.polimi.vovarini.model.godcards.PrometheusTests" time="0.002"/>
  <testcase name="testMovementConstraint(Point,Point, int, int,Boolean)" classname="it.polimi.vovarini.model.godcards.PrometheusTests" time="0.002"/>
  <testcase name="testMovementConstraint(Point,Point, int, int,Boolean)" classname="it.polimi.vovarini.model.godcards.PrometheusTests" time="0.002"/>
  <testcase name="testMovementConstraint(Point,Point, int, int,Boolean)" classname="it.polimi.vovarini.model.godcards.PrometheusTests" time="0.003"/>
  <testcase name="testMovementConstraint(Point,Point, int, int,Boolean)" classname="it.polimi.vovarini.model.godcards.PrometheusTests" time="0.002"/>
  <testcase name="testMovementConstraint(Point,Point, int, int,Boolean)" classname="it.polimi.vovarini.model.godcards.PrometheusTests" time="0.003"/>
  <testcase name="testMovementConstraint(Point,Point, int, int,Boolean)" classname="it.polimi.vovarini.model.godcards.PrometheusTests" time="0.002"/>
  <testcase name="testMovementConstraint(Point,Point, int, int,Boolean)" classname="it.polimi.vovarini.model.godcards.PrometheusTests" time="0.003"/>
  <testcase name="testMovementConstraint(Point,Point, int, int,Boolean)" classname="it.polimi.vovarini.model.godcards.PrometheusTests" time="0.002"/>
  <testcase name="testMovementConstraint(Point,Point, int, int,Boolean)" classname="it.polimi.vovarini.model.godcards.PrometheusTests" time="0.002"/>
  <testcase name="testMovementConstraint(Point,Point, int, int,Boolean)" classname="it.polimi.vovarini.model.godcards.PrometheusTests" time="0.001"/>
  <testcase name="testMovementConstraint(Point,Point, int, int,Boolean)" classname="it.polimi.vovarini.model.godcards.PrometheusTests" time="0.002"/>
  <testcase name="testMovementConstraint(Point,Point, int, int,Boolean)" classname="it.polimi.vovarini.model.godcards.PrometheusTests" time="0.002"/>
  <testcase name="testMovementConstraint(Point,Point, int, int,Boolean)" classname="it.polimi.vovarini.model.godcards.PrometheusTests" time="0.002"/>
  <testcase name="testMovementConstraint(Point,Point, int, int,Boolean)" classname="it.polimi.vovarini.model.godcards.PrometheusTests" time="0.002"/>
  <testcase name="testMovementConstraint(Point,Point, int, int,Boolean)" classname="it.polimi.vovarini.model.godcards.PrometheusTests" time="0.002"/>
  <testcase name="testMovementConstraint(Point,Point, int, int,Boolean)" classname="it.polimi.vovarini.model.godcards.PrometheusTests" time="0.002"/>
  <testcase name="testMovementConstraint(Point,Point, int, int,Boolean)" classname="it.polimi.vovarini.model.godcards.PrometheusTests" time="0.002"/>
  <testcase name="testMovementConstraint(Point,Point, int, int,Boolean)" classname="it.polimi.vovarini.model.godcards.PrometheusTests" time="0.001"/>
  <testcase name="testMovementConstraint(Point,Point, int, int,Boolean)" classname="it.polimi.vovarini.model.godcards.PrometheusTests" time="0.002"/>
  <testcase name="testMovementConstraint(Point,Point, int, int,Boolean)" classname="it.polimi.vovarini.model.godcards.PrometheusTests" time="0.001"/>
  <testcase name="testMovementConstraint(Point,Point, int, int,Boolean)" classname="it.polimi.vovarini.model.godcards.PrometheusTests" time="0.002"/>
  <testcase name="testMovementConstraint(Point,Point, int, int,Boolean)" classname="it.polimi.vovarini.model.godcards.PrometheusTests" time="0.002"/>
  <testcase name="testMovementConstraint(Point,Point, int, int,Boolean)" classname="it.polimi.vovarini.model.godcards.PrometheusTests" time="0.002"/>
  <testcase name="testMovementConstraint(Point,Point, int, int,Boolean)" classname="it.polimi.vovarini.model.godcards.PrometheusTests" time="0.002"/>
  <testcase name="testMovementConstraint(Point,Point, int, int,Boolean)" classname="it.polimi.vovarini.model.godcards.PrometheusTests" time="0.003"/>
  <testcase name="testMovementConstraint(Point,Point, int, int,Boolean)" classname="it.polimi.vovarini.model.godcards.PrometheusTests" time="0.003"/>
  <testcase name="testMovementConstraint(Point,Point, int, int,Boolean)" classname="it.polimi.vovarini.model.godcards.PrometheusTests" time="0.006"/>
  <testcase name="testMovementConstraint(Point,Point, int, int,Boolean)" classname="it.polimi.vovarini.model.godcards.PrometheusTests" time="0.002"/>
  <testcase name="testMovementConstraint(Point,Point, int, int,Boolean)" classname="it.polimi.vovarini.model.godcards.PrometheusTests" time="0.002"/>
  <testcase name="testMovementConstraint(Point,Point, int, int,Boolean)" classname="it.polimi.vovarini.model.godcards.PrometheusTests" time="0.002"/>
  <testcase name="testMovementConstraint(Point,Point, int, int,Boolean)" classname="it.polimi.vovarini.model.godcards.PrometheusTests" time="0.002"/>
  <testcase name="testMovementConstraint(Point,Point, int, int,Boolean)" classname="it.polimi.vovarini.model.godcards.PrometheusTests" time="0.003"/>
  <testcase name="testMovementConstraint(Point,Point, int, int,Boolean)" classname="it.polimi.vovarini.model.godcards.PrometheusTests" time="0.003"/>
  <testcase name="testMovementConstraint(Point,Point, int, int,Boolean)" classname="it.polimi.vovarini.model.godcards.PrometheusTests" time="0.003"/>
  <testcase name="testMovementConstraint(Point,Point, int, int,Boolean)" classname="it.polimi.vovarini.model.godcards.PrometheusTests" time="0.001"/>
  <testcase name="testMovementConstraint(Point,Point, int, int,Boolean)" classname="it.polimi.vovarini.model.godcards.PrometheusTests" time="0.001"/>
  <testcase name="testMovementConstraint(Point,Point, int, int,Boolean)" classname="it.polimi.vovarini.model.godcards.PrometheusTests" time="0.002"/>
  <testcase name="testMovementConstraint(Point,Point, int, int,Boolean)" classname="it.polimi.vovarini.model.godcards.PrometheusTests" time="0.001"/>
  <testcase name="testMovementConstraint(Point,Point, int, int,Boolean)" classname="it.polimi.vovarini.model.godcards.PrometheusTests" time="0.002"/>
  <testcase name="testMovementConstraint(Point,Point, int, int,Boolean)" classname="it.polimi.vovarini.model.godcards.PrometheusTests" time="0.002"/>
  <testcase name="testMovementConstraint(Point,Point, int, int,Boolean)" classname="it.polimi.vovarini.model.godcards.PrometheusTests" time="0.002"/>
  <testcase name="testMovementConstraint(Point,Point, int, int,Boolean)" classname="it.polimi.vovarini.model.godcards.PrometheusTests" time="0.002"/>
  <testcase name="testMovementConstraint(Point,Point, int, int,Boolean)" classname="it.polimi.vovarini.model.godcards.PrometheusTests" time="0.002"/>
  <testcase name="testMovementConstraint(Point,Point, int, int,Boolean)" classname="it.polimi.vovarini.model.godcards.PrometheusTests" time="0.002"/>
  <testcase name="testMovementConstraint(Point,Point, int, int,Boolean)" classname="it.polimi.vovarini.model.godcards.PrometheusTests" time="0.002"/>
  <testcase name="testMovementConstraint(Point,Point, int, int,Boolean)" classname="it.polimi.vovarini.model.godcards.PrometheusTests" time="0.002"/>
  <testcase name="testMovementConstraint(Point,Point, int, int,Boolean)" classname="it.polimi.vovarini.model.godcards.PrometheusTests" time="0.003"/>
  <testcase name="testMovementConstraint(Point,Point, int, int,Boolean)" classname="it.polimi.vovarini.model.godcards.PrometheusTests" time="0.002"/>
  <testcase name="testMovementConstraint(Point,Point, int, int,Boolean)" classname="it.polimi.vovarini.model.godcards.PrometheusTests" time="0.004"/>
  <testcase name="testMovementConstraint(Point,Point, int, int,Boolean)" classname="it.polimi.vovarini.model.godcards.PrometheusTests" time="0.002"/>
  <testcase name="testMovementConstraint(Point,Point, int, int,Boolean)" classname="it.polimi.vovarini.model.godcards.PrometheusTests" time="0.003"/>
  <testcase name="testMovementConstraint(Point,Point, int, int,Boolean)" classname="it.polimi.vovarini.model.godcards.PrometheusTests" time="0.002"/>
  <testcase name="testMovementConstraint(Point,Point, int, int,Boolean)" classname="it.polimi.vovarini.model.godcards.PrometheusTests" time="0.003"/>
  <testcase name="testMovementConstraint(Point,Point, int, int,Boolean)" classname="it.polimi.vovarini.model.godcards.PrometheusTests" time="0.002"/>
  <testcase name="testMovementConstraint(Point,Point, int, int,Boolean)" classname="it.polimi.vovarini.model.godcards.PrometheusTests" time="0.003"/>
  <testcase name="testMovementConstraint(Point,Point, int, int,Boolean)" classname="it.polimi.vovarini.model.godcards.PrometheusTests" time="0.002"/>
  <testcase name="testMovementConstraint(Point,Point, int, int,Boolean)" classname="it.polimi.vovarini.model.godcards.PrometheusTests" time="0.003"/>
  <testcase name="testMovementConstraint(Point,Point, int, int,Boolean)" classname="it.polimi.vovarini.model.godcards.PrometheusTests" time="0.003"/>
  <testcase name="testMovementConstraint(Point,Point, int, int,Boolean)" classname="it.polimi.vovarini.model.godcards.PrometheusTests" time="0.003"/>
  <testcase name="testMovementConstraint(Point,Point, int, int,Boolean)" classname="it.polimi.vovarini.model.godcards.PrometheusTests" time="0.003"/>
  <testcase name="testMovementConstraint(Point,Point, int, int,Boolean)" classname="it.polimi.vovarini.model.godcards.PrometheusTests" time="0.001"/>
  <testcase name="testMovementConstraint(Point,Point, int, int,Boolean)" classname="it.polimi.vovarini.model.godcards.PrometheusTests" time="0.001"/>
  <testcase name="testMovementConstraint(Point,Point, int, int,Boolean)" classname="it.polimi.vovarini.model.godcards.PrometheusTests" time="0.002"/>
  <testcase name="testMovementConstraint(Point,Point, int, int,Boolean)" classname="it.polimi.vovarini.model.godcards.PrometheusTests" time="0.001"/>
  <testcase name="testMovementConstraint(Point,Point, int, int,Boolean)" classname="it.polimi.vovarini.model.godcards.PrometheusTests" time="0.002"/>
  <testcase name="testMovementConstraint(Point,Point, int, int,Boolean)" classname="it.polimi.vovarini.model.godcards.PrometheusTests" time="0.002"/>
  <testcase name="testMovementConstraint(Point,Point, int, int,Boolean)" classname="it.polimi.vovarini.model.godcards.PrometheusTests" time="0.003"/>
  <testcase name="testMovementConstraint(Point,Point, int, int,Boolean)" classname="it.polimi.vovarini.model.godcards.PrometheusTests" time="0.002"/>
  <testcase name="testMovementConstraint(Point,Point, int, int,Boolean)" classname="it.polimi.vovarini.model.godcards.PrometheusTests" time="0.002"/>
  <testcase name="testMovementConstraint(Point,Point, int, int,Boolean)" classname="it.polimi.vovarini.model.godcards.PrometheusTests" time="0.002"/>
  <testcase name="testMovementConstraint(Point,Point, int, int,Boolean)" classname="it.polimi.vovarini.model.godcards.PrometheusTests" time="0.002"/>
  <testcase name="testMovementConstraint(Point,Point, int, int,Boolean)" classname="it.polimi.vovarini.model.godcards.PrometheusTests" time="0.002"/>
  <testcase name="testMovementConstraint(Point,Point, int, int,Boolean)" classname="it.polimi.vovarini.model.godcards.PrometheusTests" time="0.003"/>
  <testcase name="testMovementConstraint(Point,Point, int, int,Boolean)" classname="it.polimi.vovarini.model.godcards.PrometheusTests" time="0.002"/>
  <testcase name="testMovementConstraint(Point,Point, int, int,Boolean)" classname="it.polimi.vovarini.model.godcards.PrometheusTests" time="0.002"/>
  <testcase name="testMovementConstraint(Point,Point, int, int,Boolean)" classname="it.polimi.vovarini.model.godcards.PrometheusTests" time="0.002"/>
  <testcase name="testMovementConstraint(Point,Point, int, int,Boolean)" classname="it.polimi.vovarini.model.godcards.PrometheusTests" time="0.002"/>
  <testcase name="testMovementConstraint(Point,Point, int, int,Boolean)" classname="it.polimi.vovarini.model.godcards.PrometheusTests" time="0.002"/>
  <testcase name="testMovementConstraint(Point,Point, int, int,Boolean)" classname="it.polimi.vovarini.model.godcards.PrometheusTests" time="0.002"/>
  <testcase name="testMovementConstraint(Point,Point, int, int,Boolean)" classname="it.polimi.vovarini.model.godcards.PrometheusTests" time="0.001"/>
  <testcase name="testMovementConstraint(Point,Point, int, int,Boolean)" classname="it.polimi.vovarini.model.godcards.PrometheusTests" time="0.002"/>
  <testcase name="testMovementConstraint(Point,Point, int, int,Boolean)" classname="it.polimi.vovarini.model.godcards.PrometheusTests" time="0.002"/>
  <testcase name="testMovementConstraint(Point,Point, int, int,Boolean)" classname="it.polimi.vovarini.model.godcards.PrometheusTests" time="0.003"/>
  <testcase name="testMovementConstraint(Point,Point, int, int,Boolean)" classname="it.polimi.vovarini.model.godcards.PrometheusTests" time="0.003"/>
  <testcase name="testMovementConstraint(Point,Point, int, int,Boolean)" classname="it.polimi.vovarini.model.godcards.PrometheusTests" time="0.003"/>
  <testcase name="testMovementConstraint(Point,Point, int, int,Boolean)" classname="it.polimi.vovarini.model.godcards.PrometheusTests" time="0.003"/>
  <testcase name="testMovementConstraint(Point,Point, int, int,Boolean)" classname="it.polimi.vovarini.model.godcards.PrometheusTests" time="0.002"/>
  <testcase name="testMovementConstraint(Point,Point, int, int,Boolean)" classname="it.polimi.vovarini.model.godcards.PrometheusTests" time="0.001"/>
  <testcase name="testMovementConstraint(Point,Point, int, int,Boolean)" classname="it.polimi.vovarini.model.godcards.PrometheusTests" time="0.002"/>
  <testcase name="testMovementConstraint(Point,Point, int, int,Boolean)" classname="it.polimi.vovarini.model.godcards.PrometheusTests" time="0.001"/>
  <testcase name="testMovementConstraint(Point,Point, int, int,Boolean)" classname="it.polimi.vovarini.model.godcards.PrometheusTests" time="0.003"/>
  <testcase name="testMovementConstraint(Point,Point, int, int,Boolean)" classname="it.polimi.vovarini.model.godcards.PrometheusTests" time="0.001"/>
  <testcase name="testMovementConstraint(Point,Point, int, int,Boolean)" classname="it.polimi.vovarini.model.godcards.PrometheusTests" time="0.003"/>
  <testcase name="testMovementConstraint(Point,Point, int, int,Boolean)" classname="it.polimi.vovarini.model.godcards.PrometheusTests" time="0.002"/>
  <testcase name="testMovementConstraint(Point,Point, int, int,Boolean)" classname="it.polimi.vovarini.model.godcards.PrometheusTests" time="0.002"/>
  <testcase name="testMovementConstraint(Point,Point, int, int,Boolean)" classname="it.polimi.vovarini.model.godcards.PrometheusTests" time="0.002"/>
  <testcase name="testMovementConstraint(Point,Point, int, int,Boolean)" classname="it.polimi.vovarini.model.godcards.PrometheusTests" time="0.002"/>
  <testcase name="testMovementConstraint(Point,Point, int, int,Boolean)" classname="it.polimi.vovarini.model.godcards.PrometheusTests" time="0.002"/>
  <testcase name="testMovementConstraint(Point,Point, int, int,Boolean)" classname="it.polimi.vovarini.model.godcards.PrometheusTests" time="0.002"/>
  <testcase name="testMovementConstraint(Point,Point, int, int,Boolean)" classname="it.polimi.vovarini.model.godcards.PrometheusTests" time="0.001"/>
  <testcase name="testMovementConstraint(Point,Point, int, int,Boolean)" classname="it.polimi.vovarini.model.godcards.PrometheusTests" time="0.003"/>
  <testcase name="testMovementConstraint(Point,Point, int, int,Boolean)" classname="it.polimi.vovarini.model.godcards.PrometheusTests" time="0.002"/>
  <testcase name="testMovementConstraint(Point,Point, int, int,Boolean)" classname="it.polimi.vovarini.model.godcards.PrometheusTests" time="0.003"/>
  <testcase name="testMovementConstraint(Point,Point, int, int,Boolean)" classname="it.polimi.vovarini.model.godcards.PrometheusTests" time="0.003"/>
  <testcase name="testMovementConstraint(Point,Point, int, int,Boolean)" classname="it.polimi.vovarini.model.godcards.PrometheusTests" time="0.002"/>
  <testcase name="testMovementConstraint(Point,Point, int, int,Boolean)" classname="it.polimi.vovarini.model.godcards.PrometheusTests" time="0.002"/>
  <testcase name="testMovementConstraint(Point,Point, int, int,Boolean)" classname="it.polimi.vovarini.model.godcards.PrometheusTests" time="0.003"/>
  <testcase name="testMovementConstraint(Point,Point, int, int,Boolean)" classname="it.polimi.vovarini.model.godcards.PrometheusTests" time="0.002"/>
  <testcase name="testMovementConstraint(Point,Point, int, int,Boolean)" classname="it.polimi.vovarini.model.godcards.PrometheusTests" time="0.003"/>
  <testcase name="testMovementConstraint(Point,Point, int, int,Boolean)" classname="it.polimi.vovarini.model.godcards.PrometheusTests" time="0.003"/>
  <testcase name="testMovementConstraint(Point,Point, int, int,Boolean)" classname="it.polimi.vovarini.model.godcards.PrometheusTests" time="0.003"/>
  <testcase name="testMovementConstraint(Point,Point, int, int,Boolean)" classname="it.polimi.vovarini.model.godcards.PrometheusTests" time="0.002"/>
  <testcase name="testMovementConstraint(Point,Point, int, int,Boolean)" classname="it.polimi.vovarini.model.godcards.PrometheusTests" time="0.001"/>
  <testcase name="testMovementConstraint(Point,Point, int, int,Boolean)" classname="it.polimi.vovarini.model.godcards.PrometheusTests" time="0.002"/>
  <testcase name="testMovementConstraint(Point,Point, int, int,Boolean)" classname="it.polimi.vovarini.model.godcards.PrometheusTests" time="0.002"/>
  <testcase name="testMovementConstraint(Point,Point, int, int,Boolean)" classname="it.polimi.vovarini.model.godcards.PrometheusTests" time="0.001"/>
  <testcase name="testMovementConstraint(Point,Point, int, int,Boolean)" classname="it.polimi.vovarini.model.godcards.PrometheusTests" time="0.002"/>
  <testcase name="testMovementConstraint(Point,Point, int, int,Boolean)" classname="it.polimi.vovarini.model.godcards.PrometheusTests" time="0.002"/>
  <testcase name="testMovementConstraint(Point,Point, int, int,Boolean)" classname="it.polimi.vovarini.model.godcards.PrometheusTests" time="0.002"/>
  <testcase name="testMovementConstraint(Point,Point, int, int,Boolean)" classname="it.polimi.vovarini.model.godcards.PrometheusTests" time="0.002"/>
  <testcase name="testMovementConstraint(Point,Point, int, int,Boolean)" classname="it.polimi.vovarini.model.godcards.PrometheusTests" time="0.003"/>
  <testcase name="testMovementConstraint(Point,Point, int, int,Boolean)" classname="it.polimi.vovarini.model.godcards.PrometheusTests" time="0.002"/>
  <testcase name="testMovementConstraint(Point,Point, int, int,Boolean)" classname="it.polimi.vovarini.model.godcards.PrometheusTests" time="0.002"/>
  <testcase name="testMovementConstraint(Point,Point, int, int,Boolean)" classname="it.polimi.vovarini.model.godcards.PrometheusTests" time="0.002"/>
  <testcase name="testMovementConstraint(Point,Point, int, int,Boolean)" classname="it.polimi.vovarini.model.godcards.PrometheusTests" time="0.003"/>
  <testcase name="testMovementConstraint(Point,Point, int, int,Boolean)" classname="it.polimi.vovarini.model.godcards.PrometheusTests" time="0.002"/>
  <testcase name="testMovementConstraint(Point,Point, int, int,Boolean)" classname="it.polimi.vovarini.model.godcards.PrometheusTests" time="0.003"/>
  <testcase name="testMovementConstraint(Point,Point, int, int,Boolean)" classname="it.polimi.vovarini.model.godcards.PrometheusTests" time="0.002"/>
  <testcase name="testMovementConstraint(Point,Point, int, int,Boolean)" classname="it.polimi.vovarini.model.godcards.PrometheusTests" time="0.003"/>
  <testcase name="testMovementConstraint(Point,Point, int, int,Boolean)" classname="it.polimi.vovarini.model.godcards.PrometheusTests" time="0.002"/>
  <testcase name="testMovementConstraint(Point,Point, int, int,Boolean)" classname="it.polimi.vovarini.model.godcards.PrometheusTests" time="0.002"/>
  <testcase name="testMovementConstraint(Point,Point, int, int,Boolean)" classname="it.polimi.vovarini.model.godcards.PrometheusTests" time="0.002"/>
  <testcase name="testMovementConstraint(Point,Point, int, int,Boolean)" classname="it.polimi.vovarini.model.godcards.PrometheusTests" time="0.003"/>
  <testcase name="testMovementConstraint(Point,Point, int, int,Boolean)" classname="it.polimi.vovarini.model.godcards.PrometheusTests" time="0.003"/>
  <testcase name="testMovementConstraint(Point,Point, int, int,Boolean)" classname="it.polimi.vovarini.model.godcards.PrometheusTests" time="0.003"/>
  <testcase name="testMovementConstraint(Point,Point, int, int,Boolean)" classname="it.polimi.vovarini.model.godcards.PrometheusTests" time="0.002"/>
  <testcase name="testMovementConstraint(Point,Point, int, int,Boolean)" classname="it.polimi.vovarini.model.godcards.PrometheusTests" time="0.003"/>
  <testcase name="testMovementConstraint(Point,Point, int, int,Boolean)" classname="it.polimi.vovarini.model.godcards.PrometheusTests" time="0.002"/>
  <testcase name="testMovementConstraint(Point,Point, int, int,Boolean)" classname="it.polimi.vovarini.model.godcards.PrometheusTests" time="0.002"/>
  <testcase name="testMovementConstraint(Point,Point, int, int,Boolean)" classname="it.polimi.vovarini.model.godcards.PrometheusTests" time="0.001"/>
  <testcase name="testMovementConstraint(Point,Point, int, int,Boolean)" classname="it.polimi.vovarini.model.godcards.PrometheusTests" time="0.001"/>
  <testcase name="testMovementConstraint(Point,Point, int, int,Boolean)" classname="it.polimi.vovarini.model.godcards.PrometheusTests" time="0.002"/>
  <testcase name="testMovementConstraint(Point,Point, int, int,Boolean)" classname="it.polimi.vovarini.model.godcards.PrometheusTests" time="0.002"/>
  <testcase name="testMovementConstraint(Point,Point, int, int,Boolean)" classname="it.polimi.vovarini.model.godcards.PrometheusTests" time="0.002"/>
  <testcase name="testMovementConstraint(Point,Point, int, int,Boolean)" classname="it.polimi.vovarini.model.godcards.PrometheusTests" time="0.002"/>
  <testcase name="testMovementConstraint(Point,Point, int, int,Boolean)" classname="it.polimi.vovarini.model.godcards.PrometheusTests" time="0.002"/>
  <testcase name="testMovementConstraint(Point,Point, int, int,Boolean)" classname="it.polimi.vovarini.model.godcards.PrometheusTests" time="0.002"/>
  <testcase name="testMovementConstraint(Point,Point, int, int,Boolean)" classname="it.polimi.vovarini.model.godcards.PrometheusTests" time="0.002"/>
  <testcase name="testMovementConstraint(Point,Point, int, int,Boolean)" classname="it.polimi.vovarini.model.godcards.PrometheusTests" time="0.002"/>
  <testcase name="testMovementConstraint(Point,Point, int, int,Boolean)" classname="it.polimi.vovarini.model.godcards.PrometheusTests" time="0.001"/>
  <testcase name="testMovementConstraint(Point,Point, int, int,Boolean)" classname="it.polimi.vovarini.model.godcards.PrometheusTests" time="0.003"/>
  <testcase name="testMovementConstraint(Point,Point, int, int,Boolean)" classname="it.polimi.vovarini.model.godcards.PrometheusTests" time="0.002"/>
  <testcase name="testMovementConstraint(Point,Point, int, int,Boolean)" classname="it.polimi.vovarini.model.godcards.PrometheusTests" time="0.003"/>
  <testcase name="testMovementConstraint(Point,Point, int, int,Boolean)" classname="it.polimi.vovarini.model.godcards.PrometheusTests" time="0.002"/>
  <testcase name="testMovementConstraint(Point,Point, int, int,Boolean)" classname="it.polimi.vovarini.model.godcards.PrometheusTests" time="0.003"/>
  <testcase name="testMovementConstraint(Point,Point, int, int,Boolean)" classname="it.polimi.vovarini.model.godcards.PrometheusTests" time="0.002"/>
  <testcase name="testMovementConstraint(Point,Point, int, int,Boolean)" classname="it.polimi.vovarini.model.godcards.PrometheusTests" time="0.003"/>
  <testcase name="testMovementConstraint(Point,Point, int, int,Boolean)" classname="it.polimi.vovarini.model.godcards.PrometheusTests" time="0.002"/>
  <testcase name="testMovementConstraint(Point,Point, int, int,Boolean)" classname="it.polimi.vovarini.model.godcards.PrometheusTests" time="0.003"/>
  <testcase name="testMovementConstraint(Point,Point, int, int,Boolean)" classname="it.polimi.vovarini.model.godcards.PrometheusTests" time="0.002"/>
  <testcase name="testMovementConstraint(Point,Point, int, int,Boolean)" classname="it.polimi.vovarini.model.godcards.PrometheusTests" time="0.003"/>
  <testcase name="testMovementConstraint(Point,Point, int, int,Boolean)" classname="it.polimi.vovarini.model.godcards.PrometheusTests" time="0.006"/>
  <testcase name="testMovementConstraint(Point,Point, int, int,Boolean)" classname="it.polimi.vovarini.model.godcards.PrometheusTests" time="0.003"/>
  <testcase name="testMovementConstraint(Point,Point, int, int,Boolean)" classname="it.polimi.vovarini.model.godcards.PrometheusTests" time="0.002"/>
  <testcase name="testMovementConstraint(Point,Point, int, int,Boolean)" classname="it.polimi.vovarini.model.godcards.PrometheusTests" time="0.002"/>
  <testcase name="testMovementConstraint(Point,Point, int, int,Boolean)" classname="it.polimi.vovarini.model.godcards.PrometheusTests" time="0.001"/>
  <testcase name="testMovementConstraint(Point,Point, int, int,Boolean)" classname="it.polimi.vovarini.model.godcards.PrometheusTests" time="0.002"/>
  <testcase name="testMovementConstraint(Point,Point, int, int,Boolean)" classname="it.polimi.vovarini.model.godcards.PrometheusTests" time="0.001"/>
  <testcase name="testMovementConstraint(Point,Point, int, int,Boolean)" classname="it.polimi.vovarini.model.godcards.PrometheusTests" time="0.002"/>
  <testcase name="testMovementConstraint(Point,Point, int, int,Boolean)" classname="it.polimi.vovarini.model.godcards.PrometheusTests" time="0.002"/>
  <testcase name="testMovementConstraint(Point,Point, int, int,Boolean)" classname="it.polimi.vovarini.model.godcards.PrometheusTests" time="0.002"/>
  <testcase name="testMovementConstraint(Point,Point, int, int,Boolean)" classname="it.polimi.vovarini.model.godcards.PrometheusTests" time="0.002"/>
  <testcase name="testMovementConstraint(Point,Point, int, int,Boolean)" classname="it.polimi.vovarini.model.godcards.PrometheusTests" time="0.003"/>
  <testcase name="testMovementConstraint(Point,Point, int, int,Boolean)" classname="it.polimi.vovarini.model.godcards.PrometheusTests" time="0.002"/>
  <testcase name="testMovementConstraint(Point,Point, int, int,Boolean)" classname="it.polimi.vovarini.model.godcards.PrometheusTests" time="0.003"/>
  <testcase name="testMovementConstraint(Point,Point, int, int,Boolean)" classname="it.polimi.vovarini.model.godcards.PrometheusTests" time="0.002"/>
  <testcase name="testMovementConstraint(Point,Point, int, int,Boolean)" classname="it.polimi.vovarini.model.godcards.PrometheusTests" time="0.003"/>
  <testcase name="testMovementConstraint(Point,Point, int, int,Boolean)" classname="it.polimi.vovarini.model.godcards.PrometheusTests" time="0.002"/>
  <testcase name="testMovementConstraint(Point,Point, int, int,Boolean)" classname="it.polimi.vovarini.model.godcards.PrometheusTests" time="0.003"/>
  <testcase name="testMovementConstraint(Point,Point, int, int,Boolean)" classname="it.polimi.vovarini.model.godcards.PrometheusTests" time="0.002"/>
  <testcase name="testMovementConstraint(Point,Point, int, int,Boolean)" classname="it.polimi.vovarini.model.godcards.PrometheusTests" time="0.003"/>
  <testcase name="testMovementConstraint(Point,Point, int, int,Boolean)" classname="it.polimi.vovarini.model.godcards.PrometheusTests" time="0.003"/>
  <testcase name="testMovementConstraint(Point,Point, int, int,Boolean)" classname="it.polimi.vovarini.model.godcards.PrometheusTests" time="0.003"/>
  <testcase name="testMovementConstraint(Point,Point, int, int,Boolean)" classname="it.polimi.vovarini.model.godcards.PrometheusTests" time="0.003"/>
  <testcase name="testMovementConstraint(Point,Point, int, int,Boolean)" classname="it.polimi.vovarini.model.godcards.PrometheusTests" time="0.005"/>
  <testcase name="testMovementConstraint(Point,Point, int, int,Boolean)" classname="it.polimi.vovarini.model.godcards.PrometheusTests" time="0.002"/>
  <testcase name="testMovementConstraint(Point,Point, int, int,Boolean)" classname="it.polimi.vovarini.model.godcards.PrometheusTests" time="0.004"/>
  <testcase name="testMovementConstraint(Point,Point, int, int,Boolean)" classname="it.polimi.vovarini.model.godcards.PrometheusTests" time="0.003"/>
  <testcase name="testMovementConstraint(Point,Point, int, int,Boolean)" classname="it.polimi.vovarini.model.godcards.PrometheusTests" time="0.003"/>
  <testcase name="testMovementConstraint(Point,Point, int, int,Boolean)" classname="it.polimi.vovarini.model.godcards.PrometheusTests" time="0.002"/>
  <testcase name="testMovementConstraint(Point,Point, int, int,Boolean)" classname="it.polimi.vovarini.model.godcards.PrometheusTests" time="0.002"/>
  <testcase name="testMovementConstraint(Point,Point, int, int,Boolean)" classname="it.polimi.vovarini.model.godcards.PrometheusTests" time="0.001"/>
  <testcase name="testMovementConstraint(Point,Point, int, int,Boolean)" classname="it.polimi.vovarini.model.godcards.PrometheusTests" time="0.003"/>
  <testcase name="testMovementConstraint(Point,Point, int, int,Boolean)" classname="it.polimi.vovarini.model.godcards.PrometheusTests" time="0.001"/>
  <testcase name="testMovementConstraint(Point,Point, int, int,Boolean)" classname="it.polimi.vovarini.model.godcards.PrometheusTests" time="0.002"/>
  <testcase name="testMovementConstraint(Point,Point, int, int,Boolean)" classname="it.polimi.vovarini.model.godcards.PrometheusTests" time="0.001"/>
  <testcase name="testMovementConstraint(Point,Point, int, int,Boolean)" classname="it.polimi.vovarini.model.godcards.PrometheusTests" time="0.003"/>
  <testcase name="testMovementConstraint(Point,Point, int, int,Boolean)" classname="it.polimi.vovarini.model.godcards.PrometheusTests" time="0.001"/>
  <testcase name="testMovementConstraint(Point,Point, int, int,Boolean)" classname="it.polimi.vovarini.model.godcards.PrometheusTests" time="0.003"/>
  <testcase name="testMovementConstraint(Point,Point, int, int,Boolean)" classname="it.polimi.vovarini.model.godcards.PrometheusTests" time="0.002"/>
  <testcase name="testMovementConstraint(Point,Point, int, int,Boolean)" classname="it.polimi.vovarini.model.godcards.PrometheusTests" time="0.003"/>
  <testcase name="testMovementConstraint(Point,Point, int, int,Boolean)" classname="it.polimi.vovarini.model.godcards.PrometheusTests" time="0.001"/>
  <testcase name="testMovementConstraint(Point,Point, int, int,Boolean)" classname="it.polimi.vovarini.model.godcards.PrometheusTests" time="0.002"/>
  <testcase name="testMovementConstraint(Point,Point, int, int,Boolean)" classname="it.polimi.vovarini.model.godcards.PrometheusTests" time="0.002"/>
  <testcase name="testMovementConstraint(Point,Point, int, int,Boolean)" classname="it.polimi.vovarini.model.godcards.PrometheusTests" time="0.005"/>
  <testcase name="testMovementConstraint(Point,Point, int, int,Boolean)" classname="it.polimi.vovarini.model.godcards.PrometheusTests" time="0.003"/>
  <testcase name="testMovementConstraint(Point,Point, int, int,Boolean)" classname="it.polimi.vovarini.model.godcards.PrometheusTests" time="0.003"/>
  <testcase name="testMovementConstraint(Point,Point, int, int,Boolean)" classname="it.polimi.vovarini.model.godcards.PrometheusTests" time="0.003"/>
  <testcase name="testMovementConstraint(Point,Point, int, int,Boolean)" classname="it.polimi.vovarini.model.godcards.PrometheusTests" time="0.003"/>
  <testcase name="testMovementConstraint(Point,Point, int, int,Boolean)" classname="it.polimi.vovarini.model.godcards.PrometheusTests" time="0.002"/>
  <testcase name="testMovementConstraint(Point,Point, int, int,Boolean)" classname="it.polimi.vovarini.model.godcards.PrometheusTests" time="0.003"/>
  <testcase name="testMovementConstraint(Point,Point, int, int,Boolean)" classname="it.polimi.vovarini.model.godcards.PrometheusTests" time="0.003"/>
  <testcase name="testMovementConstraint(Point,Point, int, int,Boolean)" classname="it.polimi.vovarini.model.godcards.PrometheusTests" time="0.003"/>
  <testcase name="testMovementConstraint(Point,Point, int, int,Boolean)" classname="it.polimi.vovarini.model.godcards.PrometheusTests" time="0.003"/>
  <testcase name="testMovementConstraint(Point,Point, int, int,Boolean)" classname="it.polimi.vovarini.model.godcards.PrometheusTests" time="0.003"/>
  <testcase name="testMovementConstraint(Point,Point, int, int,Boolean)" classname="it.polimi.vovarini.model.godcards.PrometheusTests" time="0.002"/>
  <testcase name="testMovementConstraint(Point,Point, int, int,Boolean)" classname="it.polimi.vovarini.model.godcards.PrometheusTests" time="0.002"/>
  <testcase name="testMovementConstraint(Point,Point, int, int,Boolean)" classname="it.polimi.vovarini.model.godcards.PrometheusTests" time="0.002"/>
  <testcase name="testMovementConstraint(Point,Point, int, int,Boolean)" classname="it.polimi.vovarini.model.godcards.PrometheusTests" time="0.002"/>
  <testcase name="testMovementConstraint(Point,Point, int, int,Boolean)" classname="it.polimi.vovarini.model.godcards.PrometheusTests" time="0.001"/>
  <testcase name="testMovementConstraint(Point,Point, int, int,Boolean)" classname="it.polimi.vovarini.model.godcards.PrometheusTests" time="0.002"/>
  <testcase name="testMovementConstraint(Point,Point, int, int,Boolean)" classname="it.polimi.vovarini.model.godcards.PrometheusTests" time="0.002"/>
  <testcase name="testMovementConstraint(Point,Point, int, int,Boolean)" classname="it.polimi.vovarini.model.godcards.PrometheusTests" time="0.002"/>
  <testcase name="testMovementConstraint(Point,Point, int, int,Boolean)" classname="it.polimi.vovarini.model.godcards.PrometheusTests" time="0.002"/>
  <testcase name="testMovementConstraint(Point,Point, int, int,Boolean)" classname="it.polimi.vovarini.model.godcards.PrometheusTests" time="0.003"/>
  <testcase name="testMovementConstraint(Point,Point, int, int,Boolean)" classname="it.polimi.vovarini.model.godcards.PrometheusTests" time="0.002"/>
  <testcase name="testMovementConstraint(Point,Point, int, int,Boolean)" classname="it.polimi.vovarini.model.godcards.PrometheusTests" time="0.003"/>
  <testcase name="testMovementConstraint(Point,Point, int, int,Boolean)" classname="it.polimi.vovarini.model.godcards.PrometheusTests" time="0.002"/>
  <testcase name="testMovementConstraint(Point,Point, int, int,Boolean)" classname="it.polimi.vovarini.model.godcards.PrometheusTests" time="0.003"/>
  <testcase name="testMovementConstraint(Point,Point, int, int,Boolean)" classname="it.polimi.vovarini.model.godcards.PrometheusTests" time="0.002"/>
  <testcase name="testMovementConstraint(Point,Point, int, int,Boolean)" classname="it.polimi.vovarini.model.godcards.PrometheusTests" time="0.002"/>
  <testcase name="testMovementConstraint(Point,Point, int, int,Boolean)" classname="it.polimi.vovarini.model.godcards.PrometheusTests" time="0.002"/>
  <testcase name="testMovementConstraint(Point,Point, int, int,Boolean)" classname="it.polimi.vovarini.model.godcards.PrometheusTests" time="0.003"/>
  <testcase name="testMovementConstraint(Point,Point, int, int,Boolean)" classname="it.polimi.vovarini.model.godcards.PrometheusTests" time="0.003"/>
  <testcase name="testMovementConstraint(Point,Point, int, int,Boolean)" classname="it.polimi.vovarini.model.godcards.PrometheusTests" time="0.003"/>
  <testcase name="testMovementConstraint(Point,Point, int, int,Boolean)" classname="it.polimi.vovarini.model.godcards.PrometheusTests" time="0.002"/>
  <testcase name="testMovementConstraint(Point,Point, int, int,Boolean)" classname="it.polimi.vovarini.model.godcards.PrometheusTests" time="0.003"/>
  <testcase name="testMovementConstraint(Point,Point, int, int,Boolean)" classname="it.polimi.vovarini.model.godcards.PrometheusTests" time="0.002"/>
  <testcase name="testMovementConstraint(Point,Point, int, int,Boolean)" classname="it.polimi.vovarini.model.godcards.PrometheusTests" time="0.003"/>
  <testcase name="testMovementConstraint(Point,Point, int, int,Boolean)" classname="it.polimi.vovarini.model.godcards.PrometheusTests" time="0.002"/>
  <testcase name="testMovementConstraint(Point,Point, int, int,Boolean)" classname="it.polimi.vovarini.model.godcards.PrometheusTests" time="0.004"/>
  <testcase name="testMovementConstraint(Point,Point, int, int,Boolean)" classname="it.polimi.vovarini.model.godcards.PrometheusTests" time="0.003"/>
  <testcase name="testMovementConstraint(Point,Point, int, int,Boolean)" classname="it.polimi.vovarini.model.godcards.PrometheusTests" time="0.003"/>
  <testcase name="testMovementConstraint(Point,Point, int, int,Boolean)" classname="it.polimi.vovarini.model.godcards.PrometheusTests" time="0.002"/>
  <testcase name="testMovementConstraint(Point,Point, int, int,Boolean)" classname="it.polimi.vovarini.model.godcards.PrometheusTests" time="0.002"/>
  <testcase name="testMovementConstraint(Point,Point, int, int,Boolean)" classname="it.polimi.vovarini.model.godcards.PrometheusTests" time="0.002"/>
  <testcase name="testMovementConstraint(Point,Point, int, int,Boolean)" classname="it.polimi.vovarini.model.godcards.PrometheusTests" time="0.003"/>
  <testcase name="testMovementConstraint(Point,Point, int, int,Boolean)" classname="it.polimi.vovarini.model.godcards.PrometheusTests" time="0.001"/>
  <testcase name="testMovementConstraint(Point,Point, int, int,Boolean)" classname="it.polimi.vovarini.model.godcards.PrometheusTests" time="0.004"/>
  <testcase name="testMovementConstraint(Point,Point, int, int,Boolean)" classname="it.polimi.vovarini.model.godcards.PrometheusTests" time="0.003"/>
  <testcase name="testMovementConstraint(Point,Point, int, int,Boolean)" classname="it.polimi.vovarini.model.godcards.PrometheusTests" time="0.003"/>
  <testcase name="testMovementConstraint(Point,Point, int, int,Boolean)" classname="it.polimi.vovarini.model.godcards.PrometheusTests" time="0.003"/>
  <testcase name="testMovementConstraint(Point,Point, int, int,Boolean)" classname="it.polimi.vovarini.model.godcards.PrometheusTests" time="0.002"/>
  <testcase name="testMovementConstraint(Point,Point, int, int,Boolean)" classname="it.polimi.vovarini.model.godcards.PrometheusTests" time="0.002"/>
  <testcase name="testMovementConstraint(Point,Point, int, int,Boolean)" classname="it.polimi.vovarini.model.godcards.PrometheusTests" time="0.004"/>
  <testcase name="testMovementConstraint(Point,Point, int, int,Boolean)" classname="it.polimi.vovarini.model.godcards.PrometheusTests" time="0.002"/>
  <testcase name="testMovementConstraint(Point,Point, int, int,Boolean)" classname="it.polimi.vovarini.model.godcards.PrometheusTests" time="0.003"/>
  <testcase name="testMovementConstraint(Point,Point, int, int,Boolean)" classname="it.polimi.vovarini.model.godcards.PrometheusTests" time="0.003"/>
  <testcase name="testMovementConstraint(Point,Point, int, int,Boolean)" classname="it.polimi.vovarini.model.godcards.PrometheusTests" time="0.004"/>
  <testcase name="testMovementConstraint(Point,Point, int, int,Boolean)" classname="it.polimi.vovarini.model.godcards.PrometheusTests" time="0.003"/>
  <testcase name="testMovementConstraint(Point,Point, int, int,Boolean)" classname="it.polimi.vovarini.model.godcards.PrometheusTests" time="0.003"/>
  <testcase name="testMovementConstraint(Point,Point, int, int,Boolean)" classname="it.polimi.vovarini.model.godcards.PrometheusTests" time="0.004"/>
  <testcase name="testMovementConstraint(Point,Point, int, int,Boolean)" classname="it.polimi.vovarini.model.godcards.PrometheusTests" time="0.006"/>
  <testcase name="testMovementConstraint(Point,Point, int, int,Boolean)" classname="it.polimi.vovarini.model.godcards.PrometheusTests" time="0.004"/>
  <testcase name="testMovementConstraint(Point,Point, int, int,Boolean)" classname="it.polimi.vovarini.model.godcards.PrometheusTests" time="0.005"/>
  <testcase name="testMovementConstraint(Point,Point, int, int,Boolean)" classname="it.polimi.vovarini.model.godcards.PrometheusTests" time="0.002"/>
  <testcase name="testMovementConstraint(Point,Point, int, int,Boolean)" classname="it.polimi.vovarini.model.godcards.PrometheusTests" time="0.004"/>
  <testcase name="testMovementConstraint(Point,Point, int, int,Boolean)" classname="it.polimi.vovarini.model.godcards.PrometheusTests" time="0.003"/>
  <testcase name="testMovementConstraint(Point,Point, int, int,Boolean)" classname="it.polimi.vovarini.model.godcards.PrometheusTests" time="0.002"/>
  <testcase name="testMovementConstraint(Point,Point, int, int,Boolean)" classname="it.polimi.vovarini.model.godcards.PrometheusTests" time="0.001"/>
  <testcase name="testMovementConstraint(Point,Point, int, int,Boolean)" classname="it.polimi.vovarini.model.godcards.PrometheusTests" time="0.001"/>
  <testcase name="testMovementConstraint(Point,Point, int, int,Boolean)" classname="it.polimi.vovarini.model.godcards.PrometheusTests" time="0.001"/>
  <testcase name="testMovementConstraint(Point,Point, int, int,Boolean)" classname="it.polimi.vovarini.model.godcards.PrometheusTests" time="0.003"/>
  <testcase name="testMovementConstraint(Point,Point, int, int,Boolean)" classname="it.polimi.vovarini.model.godcards.PrometheusTests" time="0.002"/>
  <testcase name="testMovementConstraint(Point,Point, int, int,Boolean)" classname="it.polimi.vovarini.model.godcards.PrometheusTests" time="0.003"/>
  <testcase name="testMovementConstraint(Point,Point, int, int,Boolean)" classname="it.polimi.vovarini.model.godcards.PrometheusTests" time="0.002"/>
  <testcase name="testMovementConstraint(Point,Point, int, int,Boolean)" classname="it.polimi.vovarini.model.godcards.PrometheusTests" time="0.003"/>
  <testcase name="testMovementConstraint(Point,Point, int, int,Boolean)" classname="it.polimi.vovarini.model.godcards.PrometheusTests" time="0.002"/>
  <testcase name="testMovementConstraint(Point,Point, int, int,Boolean)" classname="it.polimi.vovarini.model.godcards.PrometheusTests" time="0.005"/>
  <testcase name="testMovementConstraint(Point,Point, int, int,Boolean)" classname="it.polimi.vovarini.model.godcards.PrometheusTests" time="0.002"/>
  <testcase name="testMovementConstraint(Point,Point, int, int,Boolean)" classname="it.polimi.vovarini.model.godcards.PrometheusTests" time="0.003"/>
  <testcase name="testMovementConstraint(Point,Point, int, int,Boolean)" classname="it.polimi.vovarini.model.godcards.PrometheusTests" time="0.002"/>
  <testcase name="testMovementConstraint(Point,Point, int, int,Boolean)" classname="it.polimi.vovarini.model.godcards.PrometheusTests" time="0.003"/>
  <testcase name="testMovementConstraint(Point,Point, int, int,Boolean)" classname="it.polimi.vovarini.model.godcards.PrometheusTests" time="0.002"/>
  <testcase name="testMovementConstraint(Point,Point, int, int,Boolean)" classname="it.polimi.vovarini.model.godcards.PrometheusTests" time="0.004"/>
  <testcase name="testMovementConstraint(Point,Point, int, int,Boolean)" classname="it.polimi.vovarini.model.godcards.PrometheusTests" time="0.002"/>
  <testcase name="testMovementConstraint(Point,Point, int, int,Boolean)" classname="it.polimi.vovarini.model.godcards.PrometheusTests" time="0.004"/>
  <testcase name="testMovementConstraint(Point,Point, int, int,Boolean)" classname="it.polimi.vovarini.model.godcards.PrometheusTests" time="0.002"/>
  <testcase name="testMovementConstraint(Point,Point, int, int,Boolean)" classname="it.polimi.vovarini.model.godcards.PrometheusTests" time="0.003"/>
  <testcase name="testMovementConstraint(Point,Point, int, int,Boolean)" classname="it.polimi.vovarini.model.godcards.PrometheusTests" time="0.003"/>
  <testcase name="testMovementConstraint(Point,Point, int, int,Boolean)" classname="it.polimi.vovarini.model.godcards.PrometheusTests" time="0.003"/>
  <testcase name="testMovementConstraint(Point,Point, int, int,Boolean)" classname="it.polimi.vovarini.model.godcards.PrometheusTests" time="0.007"/>
  <testcase name="testMovementConstraint(Point,Point, int, int,Boolean)" classname="it.polimi.vovarini.model.godcards.PrometheusTests" time="0.006"/>
  <testcase name="testMovementConstraint(Point,Point, int, int,Boolean)" classname="it.polimi.vovarini.model.godcards.PrometheusTests" time="0.006"/>
  <testcase name="testMovementConstraint(Point,Point, int, int,Boolean)" classname="it.polimi.vovarini.model.godcards.PrometheusTests" time="0.002"/>
  <testcase name="testMovementConstraint(Point,Point, int, int,Boolean)" classname="it.polimi.vovarini.model.godcards.PrometheusTests" time="0.001"/>
  <testcase name="testMovementConstraint(Point,Point, int, int,Boolean)" classname="it.polimi.vovarini.model.godcards.PrometheusTests" time="0.002"/>
  <testcase name="testMovementConstraint(Point,Point, int, int,Boolean)" classname="it.polimi.vovarini.model.godcards.PrometheusTests" time="0.002"/>
  <testcase name="testMovementConstraint(Point,Point, int, int,Boolean)" classname="it.polimi.vovarini.model.godcards.PrometheusTests" time="0.003"/>
  <testcase name="testMovementConstraint(Point,Point, int, int,Boolean)" classname="it.polimi.vovarini.model.godcards.PrometheusTests" time="0.001"/>
  <testcase name="testMovementConstraint(Point,Point, int, int,Boolean)" classname="it.polimi.vovarini.model.godcards.PrometheusTests" time="0.002"/>
  <testcase name="testMovementConstraint(Point,Point, int, int,Boolean)" classname="it.polimi.vovarini.model.godcards.PrometheusTests" time="0.002"/>
  <testcase name="testMovementConstraint(Point,Point, int, int,Boolean)" classname="it.polimi.vovarini.model.godcards.PrometheusTests" time="0.002"/>
  <testcase name="testMovementConstraint(Point,Point, int, int,Boolean)" classname="it.polimi.vovarini.model.godcards.PrometheusTests" time="0.002"/>
  <testcase name="testMovementConstraint(Point,Point, int, int,Boolean)" classname="it.polimi.vovarini.model.godcards.PrometheusTests" time="0.002"/>
  <testcase name="testMovementConstraint(Point,Point, int, int,Boolean)" classname="it.polimi.vovarini.model.godcards.PrometheusTests" time="0.002"/>
  <testcase name="testMovementConstraint(Point,Point, int, int,Boolean)" classname="it.polimi.vovarini.model.godcards.PrometheusTests" time="0.002"/>
  <testcase name="testMovementConstraint(Point,Point, int, int,Boolean)" classname="it.polimi.vovarini.model.godcards.PrometheusTests" time="0.002"/>
  <testcase name="testMovementConstraint(Point,Point, int, int,Boolean)" classname="it.polimi.vovarini.model.godcards.PrometheusTests" time="0.003"/>
  <testcase name="testMovementConstraint(Point,Point, int, int,Boolean)" classname="it.polimi.vovarini.model.godcards.PrometheusTests" time="0.003"/>
  <testcase name="testMovementConstraint(Point,Point, int, int,Boolean)" classname="it.polimi.vovarini.model.godcards.PrometheusTests" time="0.006"/>
  <testcase name="testMovementConstraint(Point,Point, int, int,Boolean)" classname="it.polimi.vovarini.model.godcards.PrometheusTests" time="0.004"/>
  <testcase name="testMovementConstraint(Point,Point, int, int,Boolean)" classname="it.polimi.vovarini.model.godcards.PrometheusTests" time="0.004"/>
  <testcase name="testMovementConstraint(Point,Point, int, int,Boolean)" classname="it.polimi.vovarini.model.godcards.PrometheusTests" time="0.002"/>
  <testcase name="testMovementConstraint(Point,Point, int, int,Boolean)" classname="it.polimi.vovarini.model.godcards.PrometheusTests" time="0.003"/>
  <testcase name="testMovementConstraint(Point,Point, int, int,Boolean)" classname="it.polimi.vovarini.model.godcards.PrometheusTests" time="0.002"/>
  <testcase name="testMovementConstraint(Point,Point, int, int,Boolean)" classname="it.polimi.vovarini.model.godcards.PrometheusTests" time="0.003"/>
  <testcase name="testMovementConstraint(Point,Point, int, int,Boolean)" classname="it.polimi.vovarini.model.godcards.PrometheusTests" time="0.003"/>
  <testcase name="testMovementConstraint(Point,Point, int, int,Boolean)" classname="it.polimi.vovarini.model.godcards.PrometheusTests" time="0.003"/>
  <testcase name="testMovementConstraint(Point,Point, int, int,Boolean)" classname="it.polimi.vovarini.model.godcards.PrometheusTests" time="0.003"/>
  <testcase name="testMovementConstraint(Point,Point, int, int,Boolean)" classname="it.polimi.vovarini.model.godcards.PrometheusTests" time="0.001"/>
  <testcase name="testMovementConstraint(Point,Point, int, int,Boolean)" classname="it.polimi.vovarini.model.godcards.PrometheusTests" time="0.002"/>
  <testcase name="testMovementConstraint(Point,Point, int, int,Boolean)" classname="it.polimi.vovarini.model.godcards.PrometheusTests" time="0.004"/>
  <testcase name="testMovementConstraint(Point,Point, int, int,Boolean)" classname="it.polimi.vovarini.model.godcards.PrometheusTests" time="0.001"/>
  <testcase name="testMovementConstraint(Point,Point, int, int,Boolean)" classname="it.polimi.vovarini.model.godcards.PrometheusTests" time="0.004"/>
  <testcase name="testMovementConstraint(Point,Point, int, int,Boolean)" classname="it.polimi.vovarini.model.godcards.PrometheusTests" time="0.003"/>
  <testcase name="testMovementConstraint(Point,Point, int, int,Boolean)" classname="it.polimi.vovarini.model.godcards.PrometheusTests" time="0.005"/>
  <testcase name="testMovementConstraint(Point,Point, int, int,Boolean)" classname="it.polimi.vovarini.model.godcards.PrometheusTests" time="0.003"/>
  <testcase name="testMovementConstraint(Point,Point, int, int,Boolean)" classname="it.polimi.vovarini.model.godcards.PrometheusTests" time="0.004"/>
[...]
  <testcase name="testMovementConstraint(Point,Point, int, int,Boolean)" classname="it.polimi.vovarini.model.godcards.PrometheusTests" time="0.004"/>
  <testcase name="testMovementConstraint(Point,Point, int, int,Boolean)" classname="it.polimi.vovarini.model.godcards.PrometheusTests" time="0.007"/>
  <testcase name="testMovementConstraint(Point,Point, int, int,Boolean)" classname="it.polimi.vovarini.model.godcards.PrometheusTests" time="0.004"/>
  <testcase name="testMovementConstraint(Point,Point, int, int,Boolean)" classname="it.polimi.vovarini.model.godcards.PrometheusTests" time="0.006"/>
  <testcase name="testMovementConstraint(Point,Point, int, int,Boolean)" classname="it.polimi.vovarini.model.godcards.PrometheusTests" time="0.003"/>
  <testcase name="testMovementConstraint(Point,Point, int, int,Boolean)" classname="it.polimi.vovarini.model.godcards.PrometheusTests" time="0.006"/>
  <testcase name="testMovementConstraint(Point,Point, int, int,Boolean)" classname="it.polimi.vovarini.model.godcards.PrometheusTests" time="0.003"/>
  <testcase name="testMovementConstraint(Point,Point, int, int,Boolean)" classname="it.polimi.vovarini.model.godcards.PrometheusTests" time="0.005"/>
  <testcase name="testMovementConstraint(Point,Point, int, int,Boolean)" classname="it.polimi.vovarini.model.godcards.PrometheusTests" time="0.002"/>
  <testcase name="testMovementConstraint(Point,Point, int, int,Boolean)" classname="it.polimi.vovarini.model.godcards.PrometheusTests" time="0.007"/>
  <testcase name="testMovementConstraint(Point,Point, int, int,Boolean)" classname="it.polimi.vovarini.model.godcards.PrometheusTests" time="0.003"/>
  <testcase name="testMovementConstraint(Point,Point, int, int,Boolean)" classname="it.polimi.vovarini.model.godcards.PrometheusTests" time="0.006"/>
  <testcase name="testMovementConstraint(Point,Point, int, int,Boolean)" classname="it.polimi.vovarini.model.godcards.PrometheusTests" time="0.003"/>
  <testcase name="testMovementConstraint(Point,Point, int, int,Boolean)" classname="it.polimi.vovarini.model.godcards.PrometheusTests" time="0.007"/>
  <testcase name="testMovementConstraint(Point,Point, int, int,Boolean)" classname="it.polimi.vovarini.model.godcards.PrometheusTests" time="0.003"/>
  <testcase name="testMovementConstraint(Point,Point, int, int,Boolean)" classname="it.polimi.vovarini.model.godcards.PrometheusTests" time="0.006"/>
  <testcase name="testMovementConstraint(Point,Point, int, int,Boolean)" classname="it.polimi.vovarini.model.godcards.PrometheusTests" time="0.004"/>
  <testcase name="testMovementConstraint(Point,Point, int, int,Boolean)" classname="it.polimi.vovarini.model.godcards.PrometheusTests" time="0.007"/>
  <testcase name="testMovementConstraint(Point,Point, int, int,Boolean)" classname="it.polimi.vovarini.model.godcards.PrometheusTests" time="0.003"/>
  <testcase name="testMovementConstraint(Point,Point, int, int,Boolean)" classname="it.polimi.vovarini.model.godcards.PrometheusTests" time="0.007"/>
  <testcase name="testMovementConstraint(Point,Point, int, int,Boolean)" classname="it.polimi.vovarini.model.godcards.PrometheusTests" time="0.004"/>
  <testcase name="testMovementConstraint(Point,Point, int, int,Boolean)" classname="it.polimi.vovarini.model.godcards.PrometheusTests" time="0.006"/>
  <testcase name="testMovementConstraint(Point,Point, int, int,Boolean)" classname="it.polimi.vovarini.model.godcards.PrometheusTests" time="0.003"/>
  <testcase name="testMovementConstraint(Point,Point, int, int,Boolean)" classname="it.polimi.vovarini.model.godcards.PrometheusTests" time="0.007"/>
  <testcase name="testMovementConstraint(Point,Point, int, int,Boolean)" classname="it.polimi.vovarini.model.godcards.PrometheusTests" time="0.003"/>
  <testcase name="testMovementConstraint(Point,Point, int, int,Boolean)" classname="it.polimi.vovarini.model.godcards.PrometheusTests" time="0.007"/>
  <testcase name="testMovementConstraint(Point,Point, int, int,Boolean)" classname="it.polimi.vovarini.model.godcards.PrometheusTests" time="0.004"/>
  <testcase name="testMovementConstraint(Point,Point, int, int,Boolean)" classname="it.polimi.vovarini.model.godcards.PrometheusTests" time="0.006"/>
  <testcase name="testMovementConstraint(Point,Point, int, int,Boolean)" classname="it.polimi.vovarini.model.godcards.PrometheusTests" time="0.004"/>
  <testcase name="testMovementConstraint(Point,Point, int, int,Boolean)" classname="it.polimi.vovarini.model.godcards.PrometheusTests" time="0.007"/>
  <testcase name="testMovementConstraint(Point,Point, int, int,Boolean)" classname="it.polimi.vovarini.model.godcards.PrometheusTests" time="0.002"/>
  <testcase name="testMovementConstraint(Point,Point, int, int,Boolean)" classname="it.polimi.vovarini.model.godcards.PrometheusTests" time="0.005"/>
  <testcase name="testMovementConstraint(Point,Point, int, int,Boolean)" classname="it.polimi.vovarini.model.godcards.PrometheusTests" time="0.002"/>
  <testcase name="testMovementConstraint(Point,Point, int, int,Boolean)" classname="it.polimi.vovarini.model.godcards.PrometheusTests" time="0.007"/>
  <testcase name="testMovementConstraint(Point,Point, int, int,Boolean)" classname="it.polimi.vovarini.model.godcards.PrometheusTests" time="0.003"/>
  <testcase name="testMovementConstraint(Point,Point, int, int,Boolean)" classname="it.polimi.vovarini.model.godcards.PrometheusTests" time="0.006"/>
  <testcase name="testMovementConstraint(Point,Point, int, int,Boolean)" classname="it.polimi.vovarini.model.godcards.PrometheusTests" time="0.003"/>
  <testcase name="testMovementConstraint(Point,Point, int, int,Boolean)" classname="it.polimi.vovarini.model.godcards.PrometheusTests" time="0.006"/>
  <testcase name="testMovementConstraint(Point,Point, int, int,Boolean)" classname="it.polimi.vovarini.model.godcards.PrometheusTests" time="0.003"/>
  <testcase name="testMovementConstraint(Point,Point, int, int,Boolean)" classname="it.polimi.vovarini.model.godcards.PrometheusTests" time="0.007"/>
  <testcase name="testMovementConstraint(Point,Point, int, int,Boolean)" classname="it.polimi.vovarini.model.godcards.PrometheusTests" time="0.003"/>
  <testcase name="testMovementConstraint(Point,Point, int, int,Boolean)" classname="it.polimi.vovarini.model.godcards.PrometheusTests" time="0.007"/>
  <testcase name="testMovementConstraint(Point,Point, int, int,Boolean)" classname="it.polimi.vovarini.model.godcards.PrometheusTests" time="0.003"/>
  <testcase name="testMovementConstraint(Point,Point, int, int,Boolean)" classname="it.polimi.vovarini.model.godcards.PrometheusTests" time="0.008"/>
  <testcase name="testMovementConstraint(Point,Point, int, int,Boolean)" classname="it.polimi.vovarini.model.godcards.PrometheusTests" time="0.003"/>
  <testcase name="testMovementConstraint(Point,Point, int, int,Boolean)" classname="it.polimi.vovarini.model.godcards.PrometheusTests" time="0.006"/>
  <testcase name="testMovementConstraint(Point,Point, int, int,Boolean)" classname="it.polimi.vovarini.model.godcards.PrometheusTests" time="0.004"/>
  <testcase name="testMovementConstraint(Point,Point, int, int,Boolean)" classname="it.polimi.vovarini.model.godcards.PrometheusTests" time="0.006"/>
  <testcase name="testMovementConstraint(Point,Point, int, int,Boolean)" classname="it.polimi.vovarini.model.godcards.PrometheusTests" time="0.003"/>
  <testcase name="testMovementConstraint(Point,Point, int, int,Boolean)" classname="it.polimi.vovarini.model.godcards.PrometheusTests" time="0.007"/>
  <testcase name="testMovementConstraint(Point,Point, int, int,Boolean)" classname="it.polimi.vovarini.model.godcards.PrometheusTests" time="0.003"/>
  <testcase name="testMovementConstraint(Point,Point, int, int,Boolean)" classname="it.polimi.vovarini.model.godcards.PrometheusTests" time="0.007"/>
  <testcase name="testMovementConstraint(Point,Point, int, int,Boolean)" classname="it.polimi.vovarini.model.godcards.PrometheusTests" time="0.004"/>
  <testcase name="testMovementConstraint(Point,Point, int, int,Boolean)" classname="it.polimi.vovarini.model.godcards.PrometheusTests" time="0.006"/>
  <testcase name="testMovementConstraint(Point,Point, int, int,Boolean)" classname="it.polimi.vovarini.model.godcards.PrometheusTests" time="0.004"/>
  <testcase name="testMovementConstraint(Point,Point, int, int,Boolean)" classname="it.polimi.vovarini.model.godcards.PrometheusTests" time="0.005"/>
  <testcase name="testMovementConstraint(Point,Point, int, int,Boolean)" classname="it.polimi.vovarini.model.godcards.PrometheusTests" time="0.002"/>
  <testcase name="testMovementConstraint(Point,Point, int, int,Boolean)" classname="it.polimi.vovarini.model.godcards.PrometheusTests" time="0.004"/>
  <testcase name="testMovementConstraint(Point,Point, int, int,Boolean)" classname="it.polimi.vovarini.model.godcards.PrometheusTests" time="0.003"/>
  <testcase name="testMovementConstraint(Point,Point, int, int,Boolean)" classname="it.polimi.vovarini.model.godcards.PrometheusTests" time="0.004"/>
  <testcase name="testMovementConstraint(Point,Point, int, int,Boolean)" classname="it.polimi.vovarini.model.godcards.PrometheusTests" time="0.003"/>
  <testcase name="testMovementConstraint(Point,Point, int, int,Boolean)" classname="it.polimi.vovarini.model.godcards.PrometheusTests" time="0.005"/>
  <testcase name="testMovementConstraint(Point,Point, int, int,Boolean)" classname="it.polimi.vovarini.model.godcards.PrometheusTests" time="0.002"/>
  <testcase name="testMovementConstraint(Point,Point, int, int,Boolean)" classname="it.polimi.vovarini.model.godcards.PrometheusTests" time="0.007"/>
  <testcase name="testMovementConstraint(Point,Point, int, int,Boolean)" classname="it.polimi.vovarini.model.godcards.PrometheusTests" time="0.003"/>
  <testcase name="testMovementConstraint(Point,Point, int, int,Boolean)" classname="it.polimi.vovarini.model.godcards.PrometheusTests" time="0.004"/>
  <testcase name="testMovementConstraint(Point,Point, int, int,Boolean)" classname="it.polimi.vovarini.model.godcards.PrometheusTests" time="0.003"/>
  <testcase name="testMovementConstraint(Point,Point, int, int,Boolean)" classname="it.polimi.vovarini.model.godcards.PrometheusTests" time="0.004"/>
  <testcase name="testMovementConstraint(Point,Point, int, int,Boolean)" classname="it.polimi.vovarini.model.godcards.PrometheusTests" time="0.002"/>
  <testcase name="testMovementConstraint(Point,Point, int, int,Boolean)" classname="it.polimi.vovarini.model.godcards.PrometheusTests" time="0.006"/>
  <testcase name="testMovementConstraint(Point,Point, int, int,Boolean)" classname="it.polimi.vovarini.model.godcards.PrometheusTests" time="0.003"/>
  <testcase name="testMovementConstraint(Point,Point, int, int,Boolean)" classname="it.polimi.vovarini.model.godcards.PrometheusTests" time="0.005"/>
  <testcase name="testMovementConstraint(Point,Point, int, int,Boolean)" classname="it.polimi.vovarini.model.godcards.PrometheusTests" time="0.003"/>
  <testcase name="testMovementConstraint(Point,Point, int, int,Boolean)" classname="it.polimi.vovarini.model.godcards.PrometheusTests" time="0.005"/>
  <testcase name="testMovementConstraint(Point,Point, int, int,Boolean)" classname="it.polimi.vovarini.model.godcards.PrometheusTests" time="0.003"/>
  <testcase name="testMovementConstraint(Point,Point, int, int,Boolean)" classname="it.polimi.vovarini.model.godcards.PrometheusTests" time="0.006"/>
  <testcase name="testMovementConstraint(Point,Point, int, int,Boolean)" classname="it.polimi.vovarini.model.godcards.PrometheusTests" time="0.003"/>
  <testcase name="testMovementConstraint(Point,Point, int, int,Boolean)" classname="it.polimi.vovarini.model.godcards.PrometheusTests" time="0.006"/>
  <testcase name="testMovementConstraint(Point,Point, int, int,Boolean)" classname="it.polimi.vovarini.model.godcards.PrometheusTests" time="0.003"/>
  <testcase name="testMovementConstraint(Point,Point, int, int,Boolean)" classname="it.polimi.vovarini.model.godcards.PrometheusTests" time="0.005"/>
  <testcase name="testMovementConstraint(Point,Point, int, int,Boolean)" classname="it.polimi.vovarini.model.godcards.PrometheusTests" time="0.004"/>
  <testcase name="testMovementConstraint(Point,Point, int, int,Boolean)" classname="it.polimi.vovarini.model.godcards.PrometheusTests" time="0.006"/>
  <testcase name="testMovementConstraint(Point,Point, int, int,Boolean)" classname="it.polimi.vovarini.model.godcards.PrometheusTests" time="0.003"/>
  <testcase name="testMovementConstraint(Point,Point, int, int,Boolean)" classname="it.polimi.vovarini.model.godcards.PrometheusTests" time="0.004"/>
  <testcase name="testMovementConstraint(Point,Point, int, int,Boolean)" classname="it.polimi.vovarini.model.godcards.PrometheusTests" time="0.002"/>
  <testcase name="testMovementConstraint(Point,Point, int, int,Boolean)" classname="it.polimi.vovarini.model.godcards.PrometheusTests" time="0.004"/>
  <testcase name="testMovementConstraint(Point,Point, int, int,Boolean)" classname="it.polimi.vovarini.model.godcards.PrometheusTests" time="0.002"/>
  <testcase name="testMovementConstraint(Point,Point, int, int,Boolean)" classname="it.polimi.vovarini.model.godcards.PrometheusTests" time="0.005"/>
  <testcase name="testMovementConstraint(Point,Point, int, int,Boolean)" classname="it.polimi.vovarini.model.godcards.PrometheusTests" time="0.002"/>
  <testcase name="testMovementConstraint(Point,Point, int, int,Boolean)" classname="it.polimi.vovarini.model.godcards.PrometheusTests" time="0.005"/>
  <testcase name="testMovementConstraint(Point,Point, int, int,Boolean)" classname="it.polimi.vovarini.model.godcards.PrometheusTests" time="0.002"/>
  <testcase name="testMovementConstraint(Point,Point, int, int,Boolean)" classname="it.polimi.vovarini.model.godcards.PrometheusTests" time="0.004"/>
  <testcase name="testMovementConstraint(Point,Point, int, int,Boolean)" classname="it.polimi.vovarini.model.godcards.PrometheusTests" time="0.003"/>
  <testcase name="testMovementConstraint(Point,Point, int, int,Boolean)" classname="it.polimi.vovarini.model.godcards.PrometheusTests" time="0.005"/>
  <testcase name="testMovementConstraint(Point,Point, int, int,Boolean)" classname="it.polimi.vovarini.model.godcards.PrometheusTests" time="0.002"/>
  <testcase name="testMovementConstraint(Point,Point, int, int,Boolean)" classname="it.polimi.vovarini.model.godcards.PrometheusTests" time="0.005"/>
  <testcase name="testMovementConstraint(Point,Point, int, int,Boolean)" classname="it.polimi.vovarini.model.godcards.PrometheusTests" time="0.002"/>
  <testcase name="testMovementConstraint(Point,Point, int, int,Boolean)" classname="it.polimi.vovarini.model.godcards.PrometheusTests" time="0.005"/>
  <testcase name="testMovementConstraint(Point,Point, int, int,Boolean)" classname="it.polimi.vovarini.model.godcards.PrometheusTests" time="0.003"/>
  <testcase name="testMovementConstraint(Point,Point, int, int,Boolean)" classname="it.polimi.vovarini.model.godcards.PrometheusTests" time="0.005"/>
  <testcase name="testMovementConstraint(Point,Point, int, int,Boolean)" classname="it.polimi.vovarini.model.godcards.PrometheusTests" time="0.002"/>
  <testcase name="testMovementConstraint(Point,Point, int, int,Boolean)" classname="it.polimi.vovarini.model.godcards.PrometheusTests" time="0.005"/>
  <testcase name="testMovementConstraint(Point,Point, int, int,Boolean)" classname="it.polimi.vovarini.model.godcards.PrometheusTests" time="0.003"/>
  <testcase name="testMovementConstraint(Point,Point, int, int,Boolean)" classname="it.polimi.vovarini.model.godcards.PrometheusTests" time="0.005"/>
  <testcase name="testMovementConstraint(Point,Point, int, int,Boolean)" classname="it.polimi.vovarini.model.godcards.PrometheusTests" time="0.003"/>
  <testcase name="testMovementConstraint(Point,Point, int, int,Boolean)" classname="it.polimi.vovarini.model.godcards.PrometheusTests" time="0.006"/>
  <testcase name="testMovementConstraint(Point,Point, int, int,Boolean)" classname="it.polimi.vovarini.model.godcards.PrometheusTests" time="0.004"/>
  <testcase name="testMovementConstraint(Point,Point, int, int,Boolean)" classname="it.polimi.vovarini.model.godcards.PrometheusTests" time="0.004"/>
  <testcase name="testMovementConstraint(Point,Point, int, int,Boolean)" classname="it.polimi.vovarini.model.godcards.PrometheusTests" time="0.002"/>
  <testcase name="testMovementConstraint(Point,Point, int, int,Boolean)" classname="it.polimi.vovarini.model.godcards.PrometheusTests" time="0.006"/>
  <testcase name="testMovementConstraint(Point,Point, int, int,Boolean)" classname="it.polimi.vovarini.model.godcards.PrometheusTests" time="0.002"/>
  <testcase name="testMovementConstraint(Point,Point, int, int,Boolean)" classname="it.polimi.vovarini.model.godcards.PrometheusTests" time="0.004"/>
  <testcase name="testMovementConstraint(Point,Point, int, int,Boolean)" classname="it.polimi.vovarini.model.godcards.PrometheusTests" time="0.002"/>
  <testcase name="testMovementConstraint(Point,Point, int, int,Boolean)" classname="it.polimi.vovarini.model.godcards.PrometheusTests" time="0.005"/>
  <testcase name="testMovementConstraint(Point,Point, int, int,Boolean)" classname="it.polimi.vovarini.model.godcards.PrometheusTests" time="0.003"/>
  <testcase name="testMovementConstraint(Point,Point, int, int,Boolean)" classname="it.polimi.vovarini.model.godcards.PrometheusTests" time="0.004"/>
  <testcase name="testMovementConstraint(Point,Point, int, int,Boolean)" classname="it.polimi.vovarini.model.godcards.PrometheusTests" time="0.002"/>
  <testcase name="testMovementConstraint(Point,Point, int, int,Boolean)" classname="it.polimi.vovarini.model.godcards.PrometheusTests" time="0.005"/>
  <testcase name="testMovementConstraint(Point,Point, int, int,Boolean)" classname="it.polimi.vovarini.model.godcards.PrometheusTests" time="0.003"/>
  <testcase name="testMovementConstraint(Point,Point, int, int,Boolean)" classname="it.polimi.vovarini.model.godcards.PrometheusTests" time="0.005"/>
  <testcase name="testMovementConstraint(Point,Point, int, int,Boolean)" classname="it.polimi.vovarini.model.godcards.PrometheusTests" time="0.002"/>
  <testcase name="testMovementConstraint(Point,Point, int, int,Boolean)" classname="it.polimi.vovarini.model.godcards.PrometheusTests" time="0.006"/>
  <testcase name="testMovementConstraint(Point,Point, int, int,Boolean)" classname="it.polimi.vovarini.model.godcards.PrometheusTests" time="0.003"/>
  <testcase name="testMovementConstraint(Point,Point, int, int,Boolean)" classname="it.polimi.vovarini.model.godcards.PrometheusTests" time="0.005"/>
  <testcase name="testMovementConstraint(Point,Point, int, int,Boolean)" classname="it.polimi.vovarini.model.godcards.PrometheusTests" time="0.003"/>
  <testcase name="testMovementConstraint(Point,Point, int, int,Boolean)" classname="it.polimi.vovarini.model.godcards.PrometheusTests" time="0.005"/>
  <testcase name="testMovementConstraint(Point,Point, int, int,Boolean)" classname="it.polimi.vovarini.model.godcards.PrometheusTests" time="0.003"/>
  <testcase name="testMovementConstraint(Point,Point, int, int,Boolean)" classname="it.polimi.vovarini.model.godcards.PrometheusTests" time="0.005"/>
  <testcase name="testMovementConstraint(Point,Point, int, int,Boolean)" classname="it.polimi.vovarini.model.godcards.PrometheusTests" time="0.003"/>
  <testcase name="testMovementConstraint(Point,Point, int, int,Boolean)" classname="it.polimi.vovarini.model.godcards.PrometheusTests" time="0.006"/>
  <testcase name="testMovementConstraint(Point,Point, int, int,Boolean)" classname="it.polimi.vovarini.model.godcards.PrometheusTests" time="0.003"/>
  <testcase name="testMovementConstraint(Point,Point, int, int,Boolean)" classname="it.polimi.vovarini.model.godcards.PrometheusTests" time="0.005"/>
  <testcase name="testMovementConstraint(Point,Point, int, int,Boolean)" classname="it.polimi.vovarini.model.godcards.PrometheusTests" time="0.003"/>
</testsuite>